RUNNING: ComGoogleGsonFunctionalArrayTest
JUnit version 4.11
..........................
Time: 0.007

OK (26 tests)

RUNNING: ComGoogleGsonFunctionalCircularReferenceTest
JUnit version 4.11
..RUNNING: ComGoogleGsonFunctionalCollectionTest
JUnit version 4.11
...E........E.................E
Time: 0.017
There were 3 failures:
1) testWildcardCollectionField(com.google.gson.functional.CollectionTest)
junit.framework.AssertionFailedError
	at 0x0000000101fc7aee junit.framework.Assert.fail() + 16
	at 0x0000000101fc7a91 junit.framework.Assert.assertFalse() + 0
	at 0x000000010201658f com.google.gson.functional.CollectionTest.testWildcardCollectionField() + 351
	at 0x0000000101fc5e5b java.lang.reflect.Method.invoke:object:() + 23
	at 0x0000000101fc5a9d java.lang.reflect.Method.invoke() + 326
	at 0x0000000101fcad0a junit.framework.TestCase.runTest() + 210
	at 0x0000000101fcab9c junit.framework.TestCase.runBare() + 50
	at 0x0000000101fcc38c junit.framework.TestResult.runProtected() + 37
	at 0x0000000101fcc323 junit.framework.TestResult.run() + 104
	at 0x0000000101fcd834 junit.framework.TestSuite.run() + 288
	at 0x0000000101ff8897 org.junit.runners.ParentRunner.runChildren() + 376
	at 0x0000000101ff8ce5 org.junit.runners.ParentRunner.run() + 85
	at 0x0000000101ff0fec org.junit.runner.JUnitCore.run() + 154
	at 0x0000000101ff0d12 org.junit.runner.JUnitCore.runMain() + 669
	at 0x0000000101ff097c org.junit.runner.JUnitCore.runMainAndExit() + 32
	at 0x0000000101fc5e5b java.lang.reflect.Method.invoke:object:() + 23
	at 0x0000000101fc5a9d java.lang.reflect.Method.invoke() + 326
2) testRawCollectionSerialization(com.google.gson.functional.CollectionTest)
junit.framework.AssertionFailedError
	at 0x0000000101fc7aee junit.framework.Assert.fail() + 16
	at 0x0000000101fc7a91 junit.framework.Assert.assertFalse() + 0
	at 0x0000000102015932 com.google.gson.functional.CollectionTest.testRawCollectionSerialization() + 306
	at 0x0000000101fc5e5b java.lang.reflect.Method.invoke:object:() + 23
	at 0x0000000101fc5a9d java.lang.reflect.Method.invoke() + 326
	at 0x0000000101fcad0a junit.framework.TestCase.runTest() + 210
	at 0x0000000101fcab9c junit.framework.TestCase.runBare() + 50
	at 0x0000000101fcc38c junit.framework.TestResult.runProtected() + 37
	at 0x0000000101fcc323 junit.framework.TestResult.run() + 104
	at 0x0000000101fcd834 junit.framework.TestSuite.run() + 288
	at 0x0000000101ff8897 org.junit.runners.ParentRunner.runChildren() + 376
	at 0x0000000101ff8ce5 org.junit.runners.ParentRunner.run() + 85
	at 0x0000000101ff0fec org.junit.runner.JUnitCore.run() + 154
	at 0x0000000101ff0d12 org.junit.runner.JUnitCore.runMain() + 669
	at 0x0000000101ff097c org.junit.runner.JUnitCore.runMainAndExit() + 32
	at 0x0000000101fc5e5b java.lang.reflect.Method.invoke:object:() + 23
	at 0x0000000101fc5a9d java.lang.reflect.Method.invoke() + 326
3) testCollectionOfBagOfPrimitivesSerialization(com.google.gson.functional.CollectionTest)
junit.framework.AssertionFailedError
	at 0x0000000101fc7aee junit.framework.Assert.fail() + 16
	at 0x0000000101fc7a91 junit.framework.Assert.assertFalse() + 0
	at 0x00000001020154f7 com.google.gson.functional.CollectionTest.testCollectionOfBagOfPrimitivesSerialization() + 855
	at 0x0000000101fc5e5b java.lang.reflect.Method.invoke:object:() + 23
	at 0x0000000101fc5a9d java.lang.reflect.Method.invoke() + 326
	at 0x0000000101fcad0a junit.framework.TestCase.runTest() + 210
	at 0x0000000101fcab9c junit.framework.TestCase.runBare() + 50
	at 0x0000000101fcc38c junit.framework.TestResult.runProtected() + 37
	at 0x0000000101fcc323 junit.framework.TestResult.run() + 104
	at 0x0000000101fcd834 junit.framework.TestSuite.run() + 288
	at 0x0000000101ff8897 org.junit.runners.ParentRunner.runChildren() + 376
	at 0x0000000101ff8ce5 org.junit.runners.ParentRunner.run() + 85
	at 0x0000000101ff0fec org.junit.runner.JUnitCore.run() + 154
	at 0x0000000101ff0d12 org.junit.runner.JUnitCore.runMain() + 669
	at 0x0000000101ff097c org.junit.runner.JUnitCore.runMainAndExit() + 32
	at 0x0000000101fc5e5b java.lang.reflect.Method.invoke:object:() + 23
	at 0x0000000101fc5a9d java.lang.reflect.Method.invoke() + 326

FAILURES!!!
Tests run: 28,  Failures: 3

RUNNING: ComGoogleGsonCommentsTest
JUnit version 4.11
.
Time: 0.002

OK (1 test)

RUNNING: ComGoogleGsonFunctionalConcurrencyTest
JUnit version 4.11
....
Time: 0.009

OK (4 tests)

RUNNING: ComGoogleGsonFunctionalCustomDeserializerTest
JUnit version 4.11
.......
Time: 0.004

OK (7 tests)

RUNNING: ComGoogleGsonFunctionalCustomSerializerTest
JUnit version 4.11
.....
Time: 0.003

OK (5 tests)

RUNNING: ComGoogleGsonFunctionalCustomTypeAdaptersTest
JUnit version 4.11
...................
Time: 0.008

OK (19 tests)

RUNNING: ComGoogleGsonDefaultDateTypeAdapterTest
JUnit version 4.11
.E.E.E.E..E...
Time: 0.106
There were 5 failures:
1) testFormattingInEnUs(com.google.gson.DefaultDateTypeAdapterTest)
junit.framework.ComparisonFailure: 
	at 0x000000010674a0be java.lang.AssertionError.<init>() + 45
	at 0x0000000106b44381 junit.framework.ComparisonFailure.<init>() + 24
	at 0x0000000106b42c07 junit.framework.Assert.assertEquals() + 91
	at 0x0000000106ba4bc3 com.google.gson.DefaultDateTypeAdapterTest.assertFormatted() + 195
	at 0x0000000106ba3edd com.google.gson.DefaultDateTypeAdapterTest.assertFormattingAlwaysEmitsUsLocale() + 493
	at 0x0000000106ba3ce0 com.google.gson.DefaultDateTypeAdapterTest.testFormattingInEnUs() + 112
	at 0x0000000106b40e5b java.lang.reflect.Method.invoke:object:() + 23
	at 0x0000000106b40a9d java.lang.reflect.Method.invoke() + 326
	at 0x0000000106b45d0a junit.framework.TestCase.runTest() + 210
	at 0x0000000106b45b9c junit.framework.TestCase.runBare() + 50
	at 0x0000000106b4738c junit.framework.TestResult.runProtected() + 37
	at 0x0000000106b47323 junit.framework.TestResult.run() + 104
	at 0x0000000106b48834 junit.framework.TestSuite.run() + 288
	at 0x0000000106b73897 org.junit.runners.ParentRunner.runChildren() + 376
	at 0x0000000106b73ce5 org.junit.runners.ParentRunner.run() + 85
	at 0x0000000106b6bfec org.junit.runner.JUnitCore.run() + 154
	at 0x0000000106b6bd12 org.junit.runner.JUnitCore.runMain() + 669
	at 0x0000000106b6b97c org.junit.runner.JUnitCore.runMainAndExit() + 32
	at 0x0000000106b40e5b java.lang.reflect.Method.invoke:object:() + 23
	at 0x0000000106b40a9d java.lang.reflect.Method.invoke() + 326
2) testFormattingInFr(com.google.gson.DefaultDateTypeAdapterTest)
junit.framework.ComparisonFailure: 
	at 0x000000010674a0be java.lang.AssertionError.<init>() + 45
	at 0x0000000106b44381 junit.framework.ComparisonFailure.<init>() + 24
	at 0x0000000106b42c07 junit.framework.Assert.assertEquals() + 91
	at 0x0000000106ba4bc3 com.google.gson.DefaultDateTypeAdapterTest.assertFormatted() + 195
	at 0x0000000106ba3edd com.google.gson.DefaultDateTypeAdapterTest.assertFormattingAlwaysEmitsUsLocale() + 493
	at 0x0000000106ba4090 com.google.gson.DefaultDateTypeAdapterTest.testFormattingInFr() + 112
	at 0x0000000106b40e5b java.lang.reflect.Method.invoke:object:() + 23
	at 0x0000000106b40a9d java.lang.reflect.Method.invoke() + 326
	at 0x0000000106b45d0a junit.framework.TestCase.runTest() + 210
	at 0x0000000106b45b9c junit.framework.TestCase.runBare() + 50
	at 0x0000000106b4738c junit.framework.TestResult.runProtected() + 37
	at 0x0000000106b47323 junit.framework.TestResult.run() + 104
	at 0x0000000106b48834 junit.framework.TestSuite.run() + 288
	at 0x0000000106b73897 org.junit.runners.ParentRunner.runChildren() + 376
	at 0x0000000106b73ce5 org.junit.runners.ParentRunner.run() + 85
	at 0x0000000106b6bfec org.junit.runner.JUnitCore.run() + 154
	at 0x0000000106b6bd12 org.junit.runner.JUnitCore.runMain() + 669
	at 0x0000000106b6b97c org.junit.runner.JUnitCore.runMainAndExit() + 32
	at 0x0000000106b40e5b java.lang.reflect.Method.invoke:object:() + 23
	at 0x0000000106b40a9d java.lang.reflect.Method.invoke() + 326
3) testDateDeserializationISO8601(com.google.gson.DefaultDateTypeAdapterTest)
com.google.gson.JsonSyntaxException: 1970-01-01T01:00:00+01:00
	at 0x0000000106be8330 com.google.gson.JsonParseException.<init>() + 48
	at 0x0000000106c09340 com.google.gson.JsonSyntaxException.<init>() + 48
	at 0x0000000106ba307f com.google.gson.DefaultDateTypeAdapter.deserializeToDate() + 735
	at 0x0000000106ba2c4c com.google.gson.DefaultDateTypeAdapter.deserialize() + 124
	at 0x0000000106ba44ef com.google.gson.DefaultDateTypeAdapterTest.assertParsed() + 143
	at 0x0000000106ba4c44 com.google.gson.DefaultDateTypeAdapterTest.testDateDeserializationISO8601() + 116
	at 0x0000000106b40e5b java.lang.reflect.Method.invoke:object:() + 23
	at 0x0000000106b40a9d java.lang.reflect.Method.invoke() + 326
	at 0x0000000106b45d0a junit.framework.TestCase.runTest() + 210
	at 0x0000000106b45b9c junit.framework.TestCase.runBare() + 50
	at 0x0000000106b4738c junit.framework.TestResult.runProtected() + 37
	at 0x0000000106b47323 junit.framework.TestResult.run() + 104
	at 0x0000000106b48834 junit.framework.TestSuite.run() + 288
	at 0x0000000106b73897 org.junit.runners.ParentRunner.runChildren() + 376
	at 0x0000000106b73ce5 org.junit.runners.ParentRunner.run() + 85
	at 0x0000000106b6bfec org.junit.runner.JUnitCore.run() + 154
	at 0x0000000106b6bd12 org.junit.runner.JUnitCore.runMain() + 669
	at 0x0000000106b6b97c org.junit.runner.JUnitCore.runMainAndExit() + 32
	at 0x0000000106b40e5b java.lang.reflect.Method.invoke:object:() + 23
	at 0x0000000106b40a9d java.lang.reflect.Method.invoke() + 326
Caused by: java.text.ParseException: Failed to parse date ["1970-01-01T01:00:00+01:00']: Mismatching time zone indicator: GMT+01:00 given, resolves to GMT+0100
	at 0x0000000106bcb543 com.google.gson.internal.bind.util.ISO8601Utils.parse() + 4115
	at 0x0000000106ba3006 com.google.gson.DefaultDateTypeAdapter.deserializeToDate() + 614
	at 0x0000000106ba2c4c com.google.gson.DefaultDateTypeAdapter.deserialize() + 124
	at 0x0000000106ba44ef com.google.gson.DefaultDateTypeAdapterTest.assertParsed() + 143
	at 0x0000000106ba4c44 com.google.gson.DefaultDateTypeAdapterTest.testDateDeserializationISO8601() + 116
	at 0x0000000106b40e5b java.lang.reflect.Method.invoke:object:() + 23
	at 0x0000000106b40a9d java.lang.reflect.Method.invoke() + 326
	at 0x0000000106b45d0a junit.framework.TestCase.runTest() + 210
	at 0x0000000106b45b9c junit.framework.TestCase.runBare() + 50
	at 0x0000000106b4738c junit.framework.TestResult.runProtected() + 37
	at 0x0000000106b47323 junit.framework.TestResult.run() + 104
	at 0x0000000106b48834 junit.framework.TestSuite.run() + 288
	at 0x0000000106b73897 org.junit.runners.ParentRunner.runChildren() + 376
	at 0x0000000106b73ce5 org.junit.runners.ParentRunner.run() + 85
	at 0x0000000106b6bfec org.junit.runner.JUnitCore.run() + 154
	at 0x0000000106b6bd12 org.junit.runner.JUnitCore.runMain() + 669
	at 0x0000000106b6b97c org.junit.runner.JUnitCore.runMainAndExit() + 32
	at 0x0000000106b40e5b java.lang.reflect.Method.invoke:object:() + 23
	at 0x0000000106b40a9d java.lang.reflect.Method.invoke() + 326
Caused by: java.lang.IndexOutOfBoundsException: Mismatching time zone indicator: GMT+01:00 given, resolves to GMT+0100
	at 0x0000000106bcb137 com.google.gson.internal.bind.util.ISO8601Utils.parse() + 3079
	at 0x0000000106ba3006 com.google.gson.DefaultDateTypeAdapter.deserializeToDate() + 614
	at 0x0000000106ba2c4c com.google.gson.DefaultDateTypeAdapter.deserialize() + 124
	at 0x0000000106ba44ef com.google.gson.DefaultDateTypeAdapterTest.assertParsed() + 143
	at 0x0000000106ba4c44 com.google.gson.DefaultDateTypeAdapterTest.testDateDeserializationISO8601() + 116
	at 0x0000000106b40e5b java.lang.reflect.Method.invoke:object:() + 23
	at 0x0000000106b40a9d java.lang.reflect.Method.invoke() + 326
	at 0x0000000106b45d0a junit.framework.TestCase.runTest() + 210
	at 0x0000000106b45b9c junit.framework.TestCase.runBare() + 50
	at 0x0000000106b4738c junit.framework.TestResult.runProtected() + 37
	at 0x0000000106b47323 junit.framework.TestResult.run() + 104
	at 0x0000000106b48834 junit.framework.TestSuite.run() + 288
	at 0x0000000106b73897 org.junit.runners.ParentRunner.runChildren() + 376
	at 0x0000000106b73ce5 org.junit.runners.ParentRunner.run() + 85
	at 0x0000000106b6bfec org.junit.runner.JUnitCore.run() + 154
	at 0x0000000106b6bd12 org.junit.runner.JUnitCore.runMain() + 669
	at 0x0000000106b6b97c org.junit.runner.JUnitCore.runMainAndExit() + 32
	at 0x0000000106b40e5b java.lang.reflect.Method.invoke:object:() + 23
	at 0x0000000106b40a9d java.lang.reflect.Method.invoke() + 326
4) testParsingDatesFormattedWithSystemLocale(com.google.gson.DefaultDateTypeAdapterTest)
com.google.gson.JsonSyntaxException: jeudi 1 janvier 1970 00 h 00 UTC
	at 0x0000000106be8330 com.google.gson.JsonParseException.<init>() + 48
	at 0x0000000106c09340 com.google.gson.JsonSyntaxException.<init>() + 48
	at 0x0000000106ba307f com.google.gson.DefaultDateTypeAdapter.deserializeToDate() + 735
	at 0x0000000106ba2c4c com.google.gson.DefaultDateTypeAdapter.deserialize() + 124
	at 0x0000000106ba44ef com.google.gson.DefaultDateTypeAdapterTest.assertParsed() + 143
	at 0x0000000106ba435e com.google.gson.DefaultDateTypeAdapterTest.testParsingDatesFormattedWithSystemLocale() + 654
	at 0x0000000106b40e5b java.lang.reflect.Method.invoke:object:() + 23
	at 0x0000000106b40a9d java.lang.reflect.Method.invoke() + 326
	at 0x0000000106b45d0a junit.framework.TestCase.runTest() + 210
	at 0x0000000106b45b9c junit.framework.TestCase.runBare() + 50
	at 0x0000000106b4738c junit.framework.TestResult.runProtected() + 37
	at 0x0000000106b47323 junit.framework.TestResult.run() + 104
	at 0x0000000106b48834 junit.framework.TestSuite.run() + 288
	at 0x0000000106b73897 org.junit.runners.ParentRunner.runChildren() + 376
	at 0x0000000106b73ce5 org.junit.runners.ParentRunner.run() + 85
	at 0x0000000106b6bfec org.junit.runner.JUnitCore.run() + 154
	at 0x0000000106b6bd12 org.junit.runner.JUnitCore.runMain() + 669
	at 0x0000000106b6b97c org.junit.runner.JUnitCore.runMainAndExit() + 32
	at 0x0000000106b40e5b java.lang.reflect.Method.invoke:object:() + 23
	at 0x0000000106b40a9d java.lang.reflect.Method.invoke() + 326
Caused by: java.text.ParseException: Failed to parse date ["jeudi 1 janvier 1970 00 h 00 UTC']: Invalid number: jeud
	at 0x0000000106bcb543 com.google.gson.internal.bind.util.ISO8601Utils.parse() + 4115
	at 0x0000000106ba3006 com.google.gson.DefaultDateTypeAdapter.deserializeToDate() + 614
	at 0x0000000106ba2c4c com.google.gson.DefaultDateTypeAdapter.deserialize() + 124
	at 0x0000000106ba44ef com.google.gson.DefaultDateTypeAdapterTest.assertParsed() + 143
	at 0x0000000106ba435e com.google.gson.DefaultDateTypeAdapterTest.testParsingDatesFormattedWithSystemLocale() + 654
	at 0x0000000106b40e5b java.lang.reflect.Method.invoke:object:() + 23
	at 0x0000000106b40a9d java.lang.reflect.Method.invoke() + 326
	at 0x0000000106b45d0a junit.framework.TestCase.runTest() + 210
	at 0x0000000106b45b9c junit.framework.TestCase.runBare() + 50
	at 0x0000000106b4738c junit.framework.TestResult.runProtected() + 37
	at 0x0000000106b47323 junit.framework.TestResult.run() + 104
	at 0x0000000106b48834 junit.framework.TestSuite.run() + 288
	at 0x0000000106b73897 org.junit.runners.ParentRunner.runChildren() + 376
	at 0x0000000106b73ce5 org.junit.runners.ParentRunner.run() + 85
	at 0x0000000106b6bfec org.junit.runner.JUnitCore.run() + 154
	at 0x0000000106b6bd12 org.junit.runner.JUnitCore.runMain() + 669
	at 0x0000000106b6b97c org.junit.runner.JUnitCore.runMainAndExit() + 32
	at 0x0000000106b40e5b java.lang.reflect.Method.invoke:object:() + 23
	at 0x0000000106b40a9d java.lang.reflect.Method.invoke() + 326
Caused by: java.lang.NumberFormatException: Invalid number: jeud
	at 0x0000000106bcb850 com.google.gson.internal.bind.util.ISO8601Utils.parseInt() + 368
	at 0x0000000106bca606 com.google.gson.internal.bind.util.ISO8601Utils.parse() + 214
	at 0x0000000106ba3006 com.google.gson.DefaultDateTypeAdapter.deserializeToDate() + 614
	at 0x0000000106ba2c4c com.google.gson.DefaultDateTypeAdapter.deserialize() + 124
	at 0x0000000106ba44ef com.google.gson.DefaultDateTypeAdapterTest.assertParsed() + 143
	at 0x0000000106ba435e com.google.gson.DefaultDateTypeAdapterTest.testParsingDatesFormattedWithSystemLocale() + 654
	at 0x0000000106b40e5b java.lang.reflect.Method.invoke:object:() + 23
	at 0x0000000106b40a9d java.lang.reflect.Method.invoke() + 326
	at 0x0000000106b45d0a junit.framework.TestCase.runTest() + 210
	at 0x0000000106b45b9c junit.framework.TestCase.runBare() + 50
	at 0x0000000106b4738c junit.framework.TestResult.runProtected() + 37
	at 0x0000000106b47323 junit.framework.TestResult.run() + 104
	at 0x0000000106b48834 junit.framework.TestSuite.run() + 288
	at 0x0000000106b73897 org.junit.runners.ParentRunner.runChildren() + 376
	at 0x0000000106b73ce5 org.junit.runners.ParentRunner.run() + 85
	at 0x0000000106b6bfec org.junit.runner.JUnitCore.run() + 154
	at 0x0000000106b6bd12 org.junit.runner.JUnitCore.runMain() + 669
	at 0x0000000106b6b97c org.junit.runner.JUnitCore.runMainAndExit() + 32
	at 0x0000000106b40e5b java.lang.reflect.Method.invoke:object:() + 23
	at 0x0000000106b40a9d java.lang.reflect.Method.invoke() + 326
5) testParsingDatesFormattedWithUsLocale(com.google.gson.DefaultDateTypeAdapterTest)
com.google.gson.JsonSyntaxException: January 1, 1970 0:00:00 AM UTC
	at 0x0000000106be8330 com.google.gson.JsonParseException.<init>() + 48
	at 0x0000000106c09340 com.google.gson.JsonSyntaxException.<init>() + 48
	at 0x0000000106ba307f com.google.gson.DefaultDateTypeAdapter.deserializeToDate() + 735
	at 0x0000000106ba2c4c com.google.gson.DefaultDateTypeAdapter.deserialize() + 124
	at 0x0000000106ba44ef com.google.gson.DefaultDateTypeAdapterTest.assertParsed() + 143
	at 0x0000000106ba47bd com.google.gson.DefaultDateTypeAdapterTest.testParsingDatesFormattedWithUsLocale() + 589
	at 0x0000000106b40e5b java.lang.reflect.Method.invoke:object:() + 23
	at 0x0000000106b40a9d java.lang.reflect.Method.invoke() + 326
	at 0x0000000106b45d0a junit.framework.TestCase.runTest() + 210
	at 0x0000000106b45b9c junit.framework.TestCase.runBare() + 50
	at 0x0000000106b4738c junit.framework.TestResult.runProtected() + 37
	at 0x0000000106b47323 junit.framework.TestResult.run() + 104
	at 0x0000000106b48834 junit.framework.TestSuite.run() + 288
	at 0x0000000106b73897 org.junit.runners.ParentRunner.runChildren() + 376
	at 0x0000000106b73ce5 org.junit.runners.ParentRunner.run() + 85
	at 0x0000000106b6bfec org.junit.runner.JUnitCore.run() + 154
	at 0x0000000106b6bd12 org.junit.runner.JUnitCore.runMain() + 669
	at 0x0000000106b6b97c org.junit.runner.JUnitCore.runMainAndExit() + 32
	at 0x0000000106b40e5b java.lang.reflect.Method.invoke:object:() + 23
	at 0x0000000106b40a9d java.lang.reflect.Method.invoke() + 326
Caused by: java.text.ParseException: Failed to parse date ["January 1, 1970 0:00:00 AM UTC']: Invalid number: Janu
	at 0x0000000106bcb543 com.google.gson.internal.bind.util.ISO8601Utils.parse() + 4115
	at 0x0000000106ba3006 com.google.gson.DefaultDateTypeAdapter.deserializeToDate() + 614
	at 0x0000000106ba2c4c com.google.gson.DefaultDateTypeAdapter.deserialize() + 124
	at 0x0000000106ba44ef com.google.gson.DefaultDateTypeAdapterTest.assertParsed() + 143
	at 0x0000000106ba47bd com.google.gson.DefaultDateTypeAdapterTest.testParsingDatesFormattedWithUsLocale() + 589
	at 0x0000000106b40e5b java.lang.reflect.Method.invoke:object:() + 23
	at 0x0000000106b40a9d java.lang.reflect.Method.invoke() + 326
	at 0x0000000106b45d0a junit.framework.TestCase.runTest() + 210
	at 0x0000000106b45b9c junit.framework.TestCase.runBare() + 50
	at 0x0000000106b4738c junit.framework.TestResult.runProtected() + 37
	at 0x0000000106b47323 junit.framework.TestResult.run() + 104
	at 0x0000000106b48834 junit.framework.TestSuite.run() + 288
	at 0x0000000106b73897 org.junit.runners.ParentRunner.runChildren() + 376
	at 0x0000000106b73ce5 org.junit.runners.ParentRunner.run() + 85
	at 0x0000000106b6bfec org.junit.runner.JUnitCore.run() + 154
	at 0x0000000106b6bd12 org.junit.runner.JUnitCore.runMain() + 669
	at 0x0000000106b6b97c org.junit.runner.JUnitCore.runMainAndExit() + 32
	at 0x0000000106b40e5b java.lang.reflect.Method.invoke:object:() + 23
	at 0x0000000106b40a9d java.lang.reflect.Method.invoke() + 326
Caused by: java.lang.NumberFormatException: Invalid number: Janu
	at 0x0000000106bcb850 com.google.gson.internal.bind.util.ISO8601Utils.parseInt() + 368
	at 0x0000000106bca606 com.google.gson.internal.bind.util.ISO8601Utils.parse() + 214
	at 0x0000000106ba3006 com.google.gson.DefaultDateTypeAdapter.deserializeToDate() + 614
	at 0x0000000106ba2c4c com.google.gson.DefaultDateTypeAdapter.deserialize() + 124
	at 0x0000000106ba44ef com.google.gson.DefaultDateTypeAdapterTest.assertParsed() + 143
	at 0x0000000106ba47bd com.google.gson.DefaultDateTypeAdapterTest.testParsingDatesFormattedWithUsLocale() + 589
	at 0x0000000106b40e5b java.lang.reflect.Method.invoke:object:() + 23
	at 0x0000000106b40a9d java.lang.reflect.Method.invoke() + 326
	at 0x0000000106b45d0a junit.framework.TestCase.runTest() + 210
	at 0x0000000106b45b9c junit.framework.TestCase.runBare() + 50
	at 0x0000000106b4738c junit.framework.TestResult.runProtected() + 37
	at 0x0000000106b47323 junit.framework.TestResult.run() + 104
	at 0x0000000106b48834 junit.framework.TestSuite.run() + 288
	at 0x0000000106b73897 org.junit.runners.ParentRunner.runChildren() + 376
	at 0x0000000106b73ce5 org.junit.runners.ParentRunner.run() + 85
	at 0x0000000106b6bfec org.junit.runner.JUnitCore.run() + 154
	at 0x0000000106b6bd12 org.junit.runner.JUnitCore.runMain() + 669
	at 0x0000000106b6b97c org.junit.runner.JUnitCore.runMainAndExit() + 32
	at 0x0000000106b40e5b java.lang.reflect.Method.invoke:object:() + 23
	at 0x0000000106b40a9d java.lang.reflect.Method.invoke() + 326

FAILURES!!!
Tests run: 9,  Failures: 5

RUNNING: ComGoogleGsonDefaultInetAddressTypeAdapterTest
JUnit version 4.11
.
Time: 0.003

OK (1 test)

RUNNING: ComGoogleGsonDefaultMapJsonSerializerTest
JUnit version 4.11
...
Time: 0.002

OK (3 tests)

RUNNING: ComGoogleGsonFunctionalDefaultTypeAdaptersTest
JUnit version 4.11
.................................................................
Time: 0.022

OK (65 tests)

RUNNING: ComGoogleGsonFunctionalDelegateTypeAdapterTest
JUnit version 4.11
..
Time: 0.004

OK (2 tests)

RUNNING: ComGoogleGsonFunctionalEnumTest
JUnit version 4.11
...E........
Time: 0.008
There was 1 failure:
1) testClassWithEnumFieldSerialization(com.google.gson.functional.EnumTest)
junit.framework.ComparisonFailure: 
	at 0x000000010ea8a0be java.lang.AssertionError.<init>() + 45
	at 0x000000010ee84381 junit.framework.ComparisonFailure.<init>() + 24
	at 0x000000010ee82c07 junit.framework.Assert.assertEquals() + 91
	at 0x000000010eeeec29 com.google.gson.functional.EnumTest.testClassWithEnumFieldSerialization() + 137
	at 0x000000010ee80e5b java.lang.reflect.Method.invoke:object:() + 23
	at 0x000000010ee80a9d java.lang.reflect.Method.invoke() + 326
	at 0x000000010ee85d0a junit.framework.TestCase.runTest() + 210
	at 0x000000010ee85b9c junit.framework.TestCase.runBare() + 50
	at 0x000000010ee8738c junit.framework.TestResult.runProtected() + 37
	at 0x000000010ee87323 junit.framework.TestResult.run() + 104
	at 0x000000010ee88834 junit.framework.TestSuite.run() + 288
	at 0x000000010eeb3897 org.junit.runners.ParentRunner.runChildren() + 376
	at 0x000000010eeb3ce5 org.junit.runners.ParentRunner.run() + 85
	at 0x000000010eeabfec org.junit.runner.JUnitCore.run() + 154
	at 0x000000010eeabd12 org.junit.runner.JUnitCore.runMain() + 669
	at 0x000000010eeab97c org.junit.runner.JUnitCore.runMainAndExit() + 32
	at 0x000000010ee80e5b java.lang.reflect.Method.invoke:object:() + 23
	at 0x000000010ee80a9d java.lang.reflect.Method.invoke() + 326

FAILURES!!!
Tests run: 11,  Failures: 1

RUNNING: ComGoogleGsonFunctionalEscapingTest
JUnit version 4.11
.....
Time: 0.004

OK (5 tests)

RUNNING: ComGoogleGsonFunctionalExclusionStrategyFunctionalTest
JUnit version 4.11
.........
Time: 0.004

OK (9 tests)

RUNNING: ComGoogleGsonExposeAnnotationExclusionStrategyTest
JUnit version 4.11
......
Time: 0.001

OK (6 tests)

RUNNING: ComGoogleGsonFunctionalExposeFieldsTest
JUnit version 4.11
.E......E.
Time: 0.005
There were 2 failures:
1) testExposeAnnotationSerialization(com.google.gson.functional.ExposeFieldsTest)
junit.framework.ComparisonFailure: 
	at 0x0000000103c0c0be java.lang.AssertionError.<init>() + 45
	at 0x0000000104006381 junit.framework.ComparisonFailure.<init>() + 24
	at 0x0000000104004c07 junit.framework.Assert.assertEquals() + 91
	at 0x000000010407a57a com.google.gson.functional.ExposeFieldsTest.testExposeAnnotationSerialization() + 170
	at 0x0000000104002e5b java.lang.reflect.Method.invoke:object:() + 23
	at 0x0000000104002a9d java.lang.reflect.Method.invoke() + 326
	at 0x0000000104007d0a junit.framework.TestCase.runTest() + 210
	at 0x0000000104007b9c junit.framework.TestCase.runBare() + 50
	at 0x000000010400938c junit.framework.TestResult.runProtected() + 37
	at 0x0000000104009323 junit.framework.TestResult.run() + 104
	at 0x000000010400a834 junit.framework.TestSuite.run() + 288
	at 0x0000000104035897 org.junit.runners.ParentRunner.runChildren() + 376
	at 0x0000000104035ce5 org.junit.runners.ParentRunner.run() + 85
	at 0x000000010402dfec org.junit.runner.JUnitCore.run() + 154
	at 0x000000010402dd12 org.junit.runner.JUnitCore.runMain() + 669
	at 0x000000010402d97c org.junit.runner.JUnitCore.runMainAndExit() + 32
	at 0x0000000104002e5b java.lang.reflect.Method.invoke:object:() + 23
	at 0x0000000104002a9d java.lang.reflect.Method.invoke() + 326
2) testArrayWithOneNullExposeFieldObjectSerialization(com.google.gson.functional.ExposeFieldsTest)
junit.framework.ComparisonFailure: 
	at 0x0000000103c0c0be java.lang.AssertionError.<init>() + 45
	at 0x0000000104006381 junit.framework.ComparisonFailure.<init>() + 24
	at 0x0000000104004c07 junit.framework.Assert.assertEquals() + 91
	at 0x000000010407a4ad com.google.gson.functional.ExposeFieldsTest.testArrayWithOneNullExposeFieldObjectSerialization() + 925
	at 0x0000000104002e5b java.lang.reflect.Method.invoke:object:() + 23
	at 0x0000000104002a9d java.lang.reflect.Method.invoke() + 326
	at 0x0000000104007d0a junit.framework.TestCase.runTest() + 210
	at 0x0000000104007b9c junit.framework.TestCase.runBare() + 50
	at 0x000000010400938c junit.framework.TestResult.runProtected() + 37
	at 0x0000000104009323 junit.framework.TestResult.run() + 104
	at 0x000000010400a834 junit.framework.TestSuite.run() + 288
	at 0x0000000104035897 org.junit.runners.ParentRunner.runChildren() + 376
	at 0x0000000104035ce5 org.junit.runners.ParentRunner.run() + 85
	at 0x000000010402dfec org.junit.runner.JUnitCore.run() + 154
	at 0x000000010402dd12 org.junit.runner.JUnitCore.runMain() + 669
	at 0x000000010402d97c org.junit.runner.JUnitCore.runMainAndExit() + 32
	at 0x0000000104002e5b java.lang.reflect.Method.invoke:object:() + 23
	at 0x0000000104002a9d java.lang.reflect.Method.invoke() + 326

FAILURES!!!
Tests run: 8,  Failures: 2

RUNNING: ComGoogleGsonFieldAttributesTest
JUnit version 4.11
......
Time: 0

OK (6 tests)

RUNNING: ComGoogleGsonFunctionalFieldExclusionTest
JUnit version 4.11
...
Time: 0.003

OK (3 tests)

RUNNING: ComGoogleGsonFunctionalFieldNamingTest
JUnit version 4.11
.E.E.E.E.E
Time: 0.005
There were 5 failures:
1) testLowerCaseWithDashes(com.google.gson.functional.FieldNamingTest)
junit.framework.ComparisonFailure: 
	at 0x0000000102f3e0be java.lang.AssertionError.<init>() + 45
	at 0x0000000103338381 junit.framework.ComparisonFailure.<init>() + 24
	at 0x0000000103336c07 junit.framework.Assert.assertEquals() + 91
	at 0x00000001033b1616 com.google.gson.functional.FieldNamingTest.testLowerCaseWithDashes() + 278
	at 0x0000000103334e5b java.lang.reflect.Method.invoke:object:() + 23
	at 0x0000000103334a9d java.lang.reflect.Method.invoke() + 326
	at 0x0000000103339d0a junit.framework.TestCase.runTest() + 210
	at 0x0000000103339b9c junit.framework.TestCase.runBare() + 50
	at 0x000000010333b38c junit.framework.TestResult.runProtected() + 37
	at 0x000000010333b323 junit.framework.TestResult.run() + 104
	at 0x000000010333c834 junit.framework.TestSuite.run() + 288
	at 0x0000000103367897 org.junit.runners.ParentRunner.runChildren() + 376
	at 0x0000000103367ce5 org.junit.runners.ParentRunner.run() + 85
	at 0x000000010335ffec org.junit.runner.JUnitCore.run() + 154
	at 0x000000010335fd12 org.junit.runner.JUnitCore.runMain() + 669
	at 0x000000010335f97c org.junit.runner.JUnitCore.runMainAndExit() + 32
	at 0x0000000103334e5b java.lang.reflect.Method.invoke:object:() + 23
	at 0x0000000103334a9d java.lang.reflect.Method.invoke() + 326
2) testLowerCaseWithUnderscores(com.google.gson.functional.FieldNamingTest)
junit.framework.ComparisonFailure: 
	at 0x0000000102f3e0be java.lang.AssertionError.<init>() + 45
	at 0x0000000103338381 junit.framework.ComparisonFailure.<init>() + 24
	at 0x0000000103336c07 junit.framework.Assert.assertEquals() + 91
	at 0x00000001033b14f6 com.google.gson.functional.FieldNamingTest.testLowerCaseWithUnderscores() + 278
	at 0x0000000103334e5b java.lang.reflect.Method.invoke:object:() + 23
	at 0x0000000103334a9d java.lang.reflect.Method.invoke() + 326
	at 0x0000000103339d0a junit.framework.TestCase.runTest() + 210
	at 0x0000000103339b9c junit.framework.TestCase.runBare() + 50
	at 0x000000010333b38c junit.framework.TestResult.runProtected() + 37
	at 0x000000010333b323 junit.framework.TestResult.run() + 104
	at 0x000000010333c834 junit.framework.TestSuite.run() + 288
	at 0x0000000103367897 org.junit.runners.ParentRunner.runChildren() + 376
	at 0x0000000103367ce5 org.junit.runners.ParentRunner.run() + 85
	at 0x000000010335ffec org.junit.runner.JUnitCore.run() + 154
	at 0x000000010335fd12 org.junit.runner.JUnitCore.runMain() + 669
	at 0x000000010335f97c org.junit.runner.JUnitCore.runMainAndExit() + 32
	at 0x0000000103334e5b java.lang.reflect.Method.invoke:object:() + 23
	at 0x0000000103334a9d java.lang.reflect.Method.invoke() + 326
3) testIdentity(com.google.gson.functional.FieldNamingTest)
junit.framework.ComparisonFailure: 
	at 0x0000000102f3e0be java.lang.AssertionError.<init>() + 45
	at 0x0000000103338381 junit.framework.ComparisonFailure.<init>() + 24
	at 0x0000000103336c07 junit.framework.Assert.assertEquals() + 91
	at 0x00000001033b1125 com.google.gson.functional.FieldNamingTest.testIdentity() + 277
	at 0x0000000103334e5b java.lang.reflect.Method.invoke:object:() + 23
	at 0x0000000103334a9d java.lang.reflect.Method.invoke() + 326
	at 0x0000000103339d0a junit.framework.TestCase.runTest() + 210
	at 0x0000000103339b9c junit.framework.TestCase.runBare() + 50
	at 0x000000010333b38c junit.framework.TestResult.runProtected() + 37
	at 0x000000010333b323 junit.framework.TestResult.run() + 104
	at 0x000000010333c834 junit.framework.TestSuite.run() + 288
	at 0x0000000103367897 org.junit.runners.ParentRunner.runChildren() + 376
	at 0x0000000103367ce5 org.junit.runners.ParentRunner.run() + 85
	at 0x000000010335ffec org.junit.runner.JUnitCore.run() + 154
	at 0x000000010335fd12 org.junit.runner.JUnitCore.runMain() + 669
	at 0x000000010335f97c org.junit.runner.JUnitCore.runMainAndExit() + 32
	at 0x0000000103334e5b java.lang.reflect.Method.invoke:object:() + 23
	at 0x0000000103334a9d java.lang.reflect.Method.invoke() + 326
4) testUpperCamelCase(com.google.gson.functional.FieldNamingTest)
junit.framework.ComparisonFailure: 
	at 0x0000000102f3e0be java.lang.AssertionError.<init>() + 45
	at 0x0000000103338381 junit.framework.ComparisonFailure.<init>() + 24
	at 0x0000000103336c07 junit.framework.Assert.assertEquals() + 91
	at 0x00000001033b12b6 com.google.gson.functional.FieldNamingTest.testUpperCamelCase() + 278
	at 0x0000000103334e5b java.lang.reflect.Method.invoke:object:() + 23
	at 0x0000000103334a9d java.lang.reflect.Method.invoke() + 326
	at 0x0000000103339d0a junit.framework.TestCase.runTest() + 210
	at 0x0000000103339b9c junit.framework.TestCase.runBare() + 50
	at 0x000000010333b38c junit.framework.TestResult.runProtected() + 37
	at 0x000000010333b323 junit.framework.TestResult.run() + 104
	at 0x000000010333c834 junit.framework.TestSuite.run() + 288
	at 0x0000000103367897 org.junit.runners.ParentRunner.runChildren() + 376
	at 0x0000000103367ce5 org.junit.runners.ParentRunner.run() + 85
	at 0x000000010335ffec org.junit.runner.JUnitCore.run() + 154
	at 0x000000010335fd12 org.junit.runner.JUnitCore.runMain() + 669
	at 0x000000010335f97c org.junit.runner.JUnitCore.runMainAndExit() + 32
	at 0x0000000103334e5b java.lang.reflect.Method.invoke:object:() + 23
	at 0x0000000103334a9d java.lang.reflect.Method.invoke() + 326
5) testUpperCamelCaseWithSpaces(com.google.gson.functional.FieldNamingTest)
junit.framework.ComparisonFailure: 
	at 0x0000000102f3e0be java.lang.AssertionError.<init>() + 45
	at 0x0000000103338381 junit.framework.ComparisonFailure.<init>() + 24
	at 0x0000000103336c07 junit.framework.Assert.assertEquals() + 91
	at 0x00000001033b13d6 com.google.gson.functional.FieldNamingTest.testUpperCamelCaseWithSpaces() + 278
	at 0x0000000103334e5b java.lang.reflect.Method.invoke:object:() + 23
	at 0x0000000103334a9d java.lang.reflect.Method.invoke() + 326
	at 0x0000000103339d0a junit.framework.TestCase.runTest() + 210
	at 0x0000000103339b9c junit.framework.TestCase.runBare() + 50
	at 0x000000010333b38c junit.framework.TestResult.runProtected() + 37
	at 0x000000010333b323 junit.framework.TestResult.run() + 104
	at 0x000000010333c834 junit.framework.TestSuite.run() + 288
	at 0x0000000103367897 org.junit.runners.ParentRunner.runChildren() + 376
	at 0x0000000103367ce5 org.junit.runners.ParentRunner.run() + 85
	at 0x000000010335ffec org.junit.runner.JUnitCore.run() + 154
	at 0x000000010335fd12 org.junit.runner.JUnitCore.runMain() + 669
	at 0x000000010335f97c org.junit.runner.JUnitCore.runMainAndExit() + 32
	at 0x0000000103334e5b java.lang.reflect.Method.invoke:object:() + 23
	at 0x0000000103334a9d java.lang.reflect.Method.invoke() + 326

FAILURES!!!
Tests run: 5,  Failures: 5

RUNNING: ComGoogleGsonGenericArrayTypeTest
JUnit version 4.11
..
Time: 0.001

OK (2 tests)

RUNNING: ComGoogleGsonGsonBuilderTest
JUnit version 4.11
....
Time: 0.003

OK (4 tests)

RUNNING: ComGoogleGsonGsonTest
JUnit version 4.11
.
Time: 0.002

OK (1 test)

RUNNING: ComGoogleGsonGsonTypeAdapterTest
JUnit version 4.11
.....
Time: 0.004

OK (5 tests)

RUNNING: ComGoogleGsonInternalGsonTypesTest
JUnit version 4.11
..
Time: 0

OK (2 tests)

RUNNING: ComGoogleGsonFunctionalInheritanceTest
JUnit version 4.11
....E.E........
Time: 0.009
There were 2 failures:
1) testSubInterfacesOfCollectionSerialization(com.google.gson.functional.InheritanceTest)
junit.framework.ComparisonFailure: 
	at 0x000000010bf790be java.lang.AssertionError.<init>() + 45
	at 0x000000010c373381 junit.framework.ComparisonFailure.<init>() + 24
	at 0x000000010c371c07 junit.framework.Assert.assertEquals() + 91
	at 0x000000010c3fcb8b com.google.gson.functional.InheritanceTest.testSubInterfacesOfCollectionSerialization() + 971
	at 0x000000010c36fe5b java.lang.reflect.Method.invoke:object:() + 23
	at 0x000000010c36fa9d java.lang.reflect.Method.invoke() + 326
	at 0x000000010c374d0a junit.framework.TestCase.runTest() + 210
	at 0x000000010c374b9c junit.framework.TestCase.runBare() + 50
	at 0x000000010c37638c junit.framework.TestResult.runProtected() + 37
	at 0x000000010c376323 junit.framework.TestResult.run() + 104
	at 0x000000010c377834 junit.framework.TestSuite.run() + 288
	at 0x000000010c3a2897 org.junit.runners.ParentRunner.runChildren() + 376
	at 0x000000010c3a2ce5 org.junit.runners.ParentRunner.run() + 85
	at 0x000000010c39afec org.junit.runner.JUnitCore.run() + 154
	at 0x000000010c39ad12 org.junit.runner.JUnitCore.runMain() + 669
	at 0x000000010c39a97c org.junit.runner.JUnitCore.runMainAndExit() + 32
	at 0x000000010c36fe5b java.lang.reflect.Method.invoke:object:() + 23
	at 0x000000010c36fa9d java.lang.reflect.Method.invoke() + 326
2) testSubClassSerialization(com.google.gson.functional.InheritanceTest)
junit.framework.ComparisonFailure: 
	at 0x000000010bf790be java.lang.AssertionError.<init>() + 45
	at 0x000000010c373381 junit.framework.ComparisonFailure.<init>() + 24
	at 0x000000010c371c07 junit.framework.Assert.assertEquals() + 91
	at 0x000000010c3fb0e6 com.google.gson.functional.InheritanceTest.testSubClassSerialization() + 214
	at 0x000000010c36fe5b java.lang.reflect.Method.invoke:object:() + 23
	at 0x000000010c36fa9d java.lang.reflect.Method.invoke() + 326
	at 0x000000010c374d0a junit.framework.TestCase.runTest() + 210
	at 0x000000010c374b9c junit.framework.TestCase.runBare() + 50
	at 0x000000010c37638c junit.framework.TestResult.runProtected() + 37
	at 0x000000010c376323 junit.framework.TestResult.run() + 104
	at 0x000000010c377834 junit.framework.TestSuite.run() + 288
	at 0x000000010c3a2897 org.junit.runners.ParentRunner.runChildren() + 376
	at 0x000000010c3a2ce5 org.junit.runners.ParentRunner.run() + 85
	at 0x000000010c39afec org.junit.runner.JUnitCore.run() + 154
	at 0x000000010c39ad12 org.junit.runner.JUnitCore.runMain() + 669
	at 0x000000010c39a97c org.junit.runner.JUnitCore.runMainAndExit() + 32
	at 0x000000010c36fe5b java.lang.reflect.Method.invoke:object:() + 23
	at 0x000000010c36fa9d java.lang.reflect.Method.invoke() + 326

FAILURES!!!
Tests run: 13,  Failures: 2

RUNNING: ComGoogleGsonInnerClassExclusionStrategyTest
JUnit version 4.11
....
Time: 0

OK (4 tests)

RUNNING: ComGoogleGsonFunctionalInstanceCreatorTest
JUnit version 4.11
.....
Time: 0.004

OK (5 tests)

RUNNING: ComGoogleGsonFunctionalInterfaceTest
JUnit version 4.11
..
Time: 0.003

OK (2 tests)

RUNNING: ComGoogleGsonFunctionalInternationalizationTest
JUnit version 4.11
....
Time: 0.002

OK (4 tests)

RUNNING: ComGoogleGsonJavaSerializationTest
JUnit version 4.11
...
Time: 0.008

OK (3 tests)

RUNNING: ComGoogleGsonFunctionalJavaUtilConcurrentAtomicTest
JUnit version 4.11
.......
Time: 0.004

OK (7 tests)

RUNNING: ComGoogleGsonFunctionalJavaUtilTest
JUnit version 4.11
..
Time: 0.002

OK (2 tests)

RUNNING: ComGoogleGsonFunctionalJsonAdapterAnnotationOnClassesTest
JUnit version 4.11
....E....
Time: 0.004
There was 1 failure:
1) testIncorrectTypeAdapterFails(com.google.gson.functional.JsonAdapterAnnotationOnClassesTest)
junit.framework.AssertionFailedError: "jsonAdapter"
	at 0x00000001019e00be java.lang.AssertionError.<init>() + 45
	at 0x0000000101dd8afb junit.framework.Assert.fail() + 29
	at 0x0000000101e6b98a com.google.gson.functional.JsonAdapterAnnotationOnClassesTest.testIncorrectTypeAdapterFails() + 106
	at 0x0000000101dd6e5b java.lang.reflect.Method.invoke:object:() + 23
	at 0x0000000101dd6a9d java.lang.reflect.Method.invoke() + 326
	at 0x0000000101ddbd0a junit.framework.TestCase.runTest() + 210
	at 0x0000000101ddbb9c junit.framework.TestCase.runBare() + 50
	at 0x0000000101ddd38c junit.framework.TestResult.runProtected() + 37
	at 0x0000000101ddd323 junit.framework.TestResult.run() + 104
	at 0x0000000101dde834 junit.framework.TestSuite.run() + 288
	at 0x0000000101e09897 org.junit.runners.ParentRunner.runChildren() + 376
	at 0x0000000101e09ce5 org.junit.runners.ParentRunner.run() + 85
	at 0x0000000101e01fec org.junit.runner.JUnitCore.run() + 154
	at 0x0000000101e01d12 org.junit.runner.JUnitCore.runMain() + 669
	at 0x0000000101e0197c org.junit.runner.JUnitCore.runMainAndExit() + 32
	at 0x0000000101dd6e5b java.lang.reflect.Method.invoke:object:() + 23
	at 0x0000000101dd6a9d java.lang.reflect.Method.invoke() + 326

FAILURES!!!
Tests run: 8,  Failures: 1

RUNNING: ComGoogleGsonFunctionalJsonAdapterAnnotationOnFieldsTest
JUnit version 4.11
..........
Time: 0.005

OK (10 tests)

RUNNING: ComGoogleGsonRegressionJsonAdapterNullSafeTest
JUnit version 4.11
..
Time: 0.002

OK (2 tests)

RUNNING: ComGoogleGsonFunctionalJsonAdapterSerializerDeserializerTest
JUnit version 4.11
...
Time: 0.004

OK (3 tests)

RUNNING: ComGoogleGsonFunctionalJsonArrayTest
JUnit version 4.11
........
Time: 0.002

OK (8 tests)

RUNNING: ComGoogleGsonInternalBindJsonElementReaderTest
JUnit version 4.11
.................
Time: 0.003

OK (17 tests)

RUNNING: ComGoogleGsonJsonNullTest
JUnit version 4.11
..
Time: 0

OK (2 tests)

RUNNING: ComGoogleGsonJsonObjectTest
JUnit version 4.11
..............
Time: 0.005

OK (14 tests)

RUNNING: ComGoogleGsonFunctionalJsonParserTest
JUnit version 4.11
........
Time: 0.005

OK (8 tests)

RUNNING: ComGoogleGsonJsonPrimitiveTest
JUnit version 4.11
........................
Time: 0.002

OK (24 tests)

RUNNING: ComGoogleGsonStreamJsonReaderPathTest
JUnit version 4.11
....................
Time: 0.003

OK (20 tests)

RUNNING: ComGoogleGsonStreamJsonReaderTest
JUnit version 4.11
.......................................................................................................................
Time: 0.014

OK (119 tests)

RUNNING: ComGoogleGsonJsonStreamParserTest
JUnit version 4.11
....
Time: 0.001

OK (4 tests)

RUNNING: ComGoogleGsonInternalBindJsonTreeReaderTest
JUnit version 4.11
..
Time: 0.001

OK (2 tests)

RUNNING: ComGoogleGsonFunctionalJsonTreeTest
JUnit version 4.11
....
Time: 0.005

OK (4 tests)

RUNNING: ComGoogleGsonInternalBindJsonTreeWriterTest
JUnit version 4.11
............
Time: 0.002

OK (12 tests)

RUNNING: ComGoogleGsonStreamJsonWriterTest
JUnit version 4.11
.....................................
Time: 0.006

OK (37 tests)

RUNNING: ComGoogleGsonInternalLazilyParsedNumberTest
JUnit version 4.11
..
Time: 0.001

OK (2 tests)

RUNNING: ComGoogleGsonFunctionalLeniencyTest
JUnit version 4.11
.
Time: 0.002

OK (1 test)

RUNNING: ComGoogleGsonInternalLinkedHashTreeMapTest
JUnit version 4.11
..E.E............
Time: 0.005
There were 2 failures:
1) testDoubleCapacityAllNodesOnLeft(com.google.gson.internal.LinkedHashTreeMapTest)
junit.framework.ComparisonFailure: 
	at 0x000000010b07f0be java.lang.AssertionError.<init>() + 45
	at 0x000000010b479381 junit.framework.ComparisonFailure.<init>() + 24
	at 0x000000010b477c07 junit.framework.Assert.assertEquals() + 91
	at 0x000000010b5559d8 com.google.gson.internal.LinkedHashTreeMapTest.assertTree() + 56
	at 0x000000010b555b92 com.google.gson.internal.LinkedHashTreeMapTest.testDoubleCapacityAllNodesOnLeft() + 418
	at 0x000000010b475e5b java.lang.reflect.Method.invoke:object:() + 23
	at 0x000000010b475a9d java.lang.reflect.Method.invoke() + 326
	at 0x000000010b47ad0a junit.framework.TestCase.runTest() + 210
	at 0x000000010b47ab9c junit.framework.TestCase.runBare() + 50
	at 0x000000010b47c38c junit.framework.TestResult.runProtected() + 37
	at 0x000000010b47c323 junit.framework.TestResult.run() + 104
	at 0x000000010b47d834 junit.framework.TestSuite.run() + 288
	at 0x000000010b4a8897 org.junit.runners.ParentRunner.runChildren() + 376
	at 0x000000010b4a8ce5 org.junit.runners.ParentRunner.run() + 85
	at 0x000000010b4a0fec org.junit.runner.JUnitCore.run() + 154
	at 0x000000010b4a0d12 org.junit.runner.JUnitCore.runMain() + 669
	at 0x000000010b4a097c org.junit.runner.JUnitCore.runMainAndExit() + 32
	at 0x000000010b475e5b java.lang.reflect.Method.invoke:object:() + 23
	at 0x000000010b475a9d java.lang.reflect.Method.invoke() + 326
2) testDoubleCapacity(com.google.gson.internal.LinkedHashTreeMapTest)
junit.framework.ComparisonFailure: 
	at 0x000000010b07f0be java.lang.AssertionError.<init>() + 45
	at 0x000000010b479381 junit.framework.ComparisonFailure.<init>() + 24
	at 0x000000010b477c07 junit.framework.Assert.assertEquals() + 91
	at 0x000000010b5559d8 com.google.gson.internal.LinkedHashTreeMapTest.assertTree() + 56
	at 0x000000010b5558e7 com.google.gson.internal.LinkedHashTreeMapTest.testDoubleCapacity() + 535
	at 0x000000010b475e5b java.lang.reflect.Method.invoke:object:() + 23
	at 0x000000010b475a9d java.lang.reflect.Method.invoke() + 326
	at 0x000000010b47ad0a junit.framework.TestCase.runTest() + 210
	at 0x000000010b47ab9c junit.framework.TestCase.runBare() + 50
	at 0x000000010b47c38c junit.framework.TestResult.runProtected() + 37
	at 0x000000010b47c323 junit.framework.TestResult.run() + 104
	at 0x000000010b47d834 junit.framework.TestSuite.run() + 288
	at 0x000000010b4a8897 org.junit.runners.ParentRunner.runChildren() + 376
	at 0x000000010b4a8ce5 org.junit.runners.ParentRunner.run() + 85
	at 0x000000010b4a0fec org.junit.runner.JUnitCore.run() + 154
	at 0x000000010b4a0d12 org.junit.runner.JUnitCore.runMain() + 669
	at 0x000000010b4a097c org.junit.runner.JUnitCore.runMainAndExit() + 32
	at 0x000000010b475e5b java.lang.reflect.Method.invoke:object:() + 23
	at 0x000000010b475a9d java.lang.reflect.Method.invoke() + 326

FAILURES!!!
Tests run: 15,  Failures: 2

RUNNING: ComGoogleGsonInternalLinkedTreeMapTest
JUnit version 4.11
...........
Time: 0.005

OK (11 tests)

RUNNING: ComGoogleGsonLongSerializationPolicyTest
JUnit version 4.11
....
Time: 0.003

OK (4 tests)

RUNNING: ComGoogleGsonFunctionalMapAsArrayTypeAdapterTest
JUnit version 4.11
.....
Time: 0.005

OK (5 tests)

RUNNING: ComGoogleGsonFunctionalMapTest
JUnit version 4.11
................................................
Time: 0.024

OK (48 tests)

RUNNING: ComGoogleGsonMixedStreamTest
JUnit version 4.11
............
Time: 0.007

OK (12 tests)

RUNNING: ComGoogleGsonFunctionalMoreSpecificTypeSerializationTest
JUnit version 4.11
......
Time: 0.005

OK (6 tests)

RUNNING: ComGoogleGsonFunctionalNamingPolicyTest
JUnit version 4.11
..............
Time: 0.005

OK (14 tests)

RUNNING: ComGoogleGsonFunctionalNullObjectAndFieldTest
JUnit version 4.11
................
Time: 0.005

OK (16 tests)

RUNNING: ComGoogleGsonFunctionalObjectTest
JUnit version 4.11
....E.....E....E...........E........E.....E.......
Time: 0.014
There were 6 failures:
1) testNullFieldsSerialization(com.google.gson.functional.ObjectTest)
junit.framework.ComparisonFailure: 
	at 0x000000010c2f00be java.lang.AssertionError.<init>() + 45
	at 0x000000010c6ea381 junit.framework.ComparisonFailure.<init>() + 24
	at 0x000000010c6e8c07 junit.framework.Assert.assertEquals() + 91
	at 0x000000010c7e5415 com.google.gson.functional.ObjectTest.testNullFieldsSerialization() + 181
	at 0x000000010c6e6e5b java.lang.reflect.Method.invoke:object:() + 23
	at 0x000000010c6e6a9d java.lang.reflect.Method.invoke() + 326
	at 0x000000010c6ebd0a junit.framework.TestCase.runTest() + 210
	at 0x000000010c6ebb9c junit.framework.TestCase.runBare() + 50
	at 0x000000010c6ed38c junit.framework.TestResult.runProtected() + 37
	at 0x000000010c6ed323 junit.framework.TestResult.run() + 104
	at 0x000000010c6ee834 junit.framework.TestSuite.run() + 288
	at 0x000000010c719897 org.junit.runners.ParentRunner.runChildren() + 376
	at 0x000000010c719ce5 org.junit.runners.ParentRunner.run() + 85
	at 0x000000010c711fec org.junit.runner.JUnitCore.run() + 154
	at 0x000000010c711d12 org.junit.runner.JUnitCore.runMain() + 669
	at 0x000000010c71197c org.junit.runner.JUnitCore.runMainAndExit() + 32
	at 0x000000010c6e6e5b java.lang.reflect.Method.invoke:object:() + 23
	at 0x000000010c6e6a9d java.lang.reflect.Method.invoke() + 326
2) testArrayOfArraysSerialization(com.google.gson.functional.ObjectTest)
junit.framework.ComparisonFailure: 
	at 0x000000010c2f00be java.lang.AssertionError.<init>() + 45
	at 0x000000010c6ea381 junit.framework.ComparisonFailure.<init>() + 24
	at 0x000000010c6e8c07 junit.framework.Assert.assertEquals() + 91
	at 0x000000010c7e5719 com.google.gson.functional.ObjectTest.testArrayOfArraysSerialization() + 137
	at 0x000000010c6e6e5b java.lang.reflect.Method.invoke:object:() + 23
	at 0x000000010c6e6a9d java.lang.reflect.Method.invoke() + 326
	at 0x000000010c6ebd0a junit.framework.TestCase.runTest() + 210
	at 0x000000010c6ebb9c junit.framework.TestCase.runBare() + 50
	at 0x000000010c6ed38c junit.framework.TestResult.runProtected() + 37
	at 0x000000010c6ed323 junit.framework.TestResult.run() + 104
	at 0x000000010c6ee834 junit.framework.TestSuite.run() + 288
	at 0x000000010c719897 org.junit.runners.ParentRunner.runChildren() + 376
	at 0x000000010c719ce5 org.junit.runners.ParentRunner.run() + 85
	at 0x000000010c711fec org.junit.runner.JUnitCore.run() + 154
	at 0x000000010c711d12 org.junit.runner.JUnitCore.runMain() + 669
	at 0x000000010c71197c org.junit.runner.JUnitCore.runMainAndExit() + 32
	at 0x000000010c6e6e5b java.lang.reflect.Method.invoke:object:() + 23
	at 0x000000010c6e6a9d java.lang.reflect.Method.invoke() + 326
3) testNestedSerialization(com.google.gson.functional.ObjectTest)
junit.framework.ComparisonFailure: 
	at 0x000000010c2f00be java.lang.AssertionError.<init>() + 45
	at 0x000000010c6ea381 junit.framework.ComparisonFailure.<init>() + 24
	at 0x000000010c6e8c07 junit.framework.Assert.assertEquals() + 91
	at 0x000000010c7e4ff6 com.google.gson.functional.ObjectTest.testNestedSerialization() + 214
	at 0x000000010c6e6e5b java.lang.reflect.Method.invoke:object:() + 23
	at 0x000000010c6e6a9d java.lang.reflect.Method.invoke() + 326
	at 0x000000010c6ebd0a junit.framework.TestCase.runTest() + 210
	at 0x000000010c6ebb9c junit.framework.TestCase.runBare() + 50
	at 0x000000010c6ed38c junit.framework.TestResult.runProtected() + 37
	at 0x000000010c6ed323 junit.framework.TestResult.run() + 104
	at 0x000000010c6ee834 junit.framework.TestSuite.run() + 288
	at 0x000000010c719897 org.junit.runners.ParentRunner.runChildren() + 376
	at 0x000000010c719ce5 org.junit.runners.ParentRunner.run() + 85
	at 0x000000010c711fec org.junit.runner.JUnitCore.run() + 154
	at 0x000000010c711d12 org.junit.runner.JUnitCore.runMain() + 669
	at 0x000000010c71197c org.junit.runner.JUnitCore.runMainAndExit() + 32
	at 0x000000010c6e6e5b java.lang.reflect.Method.invoke:object:() + 23
	at 0x000000010c6e6a9d java.lang.reflect.Method.invoke() + 326
4) testBagOfPrimitivesSerialization(com.google.gson.functional.ObjectTest)
junit.framework.ComparisonFailure: 
	at 0x000000010c2f00be java.lang.AssertionError.<init>() + 45
	at 0x000000010c6ea381 junit.framework.ComparisonFailure.<init>() + 24
	at 0x000000010c6e8c07 junit.framework.Assert.assertEquals() + 91
	at 0x000000010c7e4879 com.google.gson.functional.ObjectTest.testBagOfPrimitivesSerialization() + 169
	at 0x000000010c6e6e5b java.lang.reflect.Method.invoke:object:() + 23
	at 0x000000010c6e6a9d java.lang.reflect.Method.invoke() + 326
	at 0x000000010c6ebd0a junit.framework.TestCase.runTest() + 210
	at 0x000000010c6ebb9c junit.framework.TestCase.runBare() + 50
	at 0x000000010c6ed38c junit.framework.TestResult.runProtected() + 37
	at 0x000000010c6ed323 junit.framework.TestResult.run() + 104
	at 0x000000010c6ee834 junit.framework.TestSuite.run() + 288
	at 0x000000010c719897 org.junit.runners.ParentRunner.runChildren() + 376
	at 0x000000010c719ce5 org.junit.runners.ParentRunner.run() + 85
	at 0x000000010c711fec org.junit.runner.JUnitCore.run() + 154
	at 0x000000010c711d12 org.junit.runner.JUnitCore.runMain() + 669
	at 0x000000010c71197c org.junit.runner.JUnitCore.runMainAndExit() + 32
	at 0x000000010c6e6e5b java.lang.reflect.Method.invoke:object:() + 23
	at 0x000000010c6e6a9d java.lang.reflect.Method.invoke() + 326
5) testArrayOfObjectsSerialization(com.google.gson.functional.ObjectTest)
junit.framework.ComparisonFailure: 
	at 0x000000010c2f00be java.lang.AssertionError.<init>() + 45
	at 0x000000010c6ea381 junit.framework.ComparisonFailure.<init>() + 24
	at 0x000000010c6e8c07 junit.framework.Assert.assertEquals() + 91
	at 0x000000010c7e558b com.google.gson.functional.ObjectTest.testArrayOfObjectsSerialization() + 139
	at 0x000000010c6e6e5b java.lang.reflect.Method.invoke:object:() + 23
	at 0x000000010c6e6a9d java.lang.reflect.Method.invoke() + 326
	at 0x000000010c6ebd0a junit.framework.TestCase.runTest() + 210
	at 0x000000010c6ebb9c junit.framework.TestCase.runBare() + 50
	at 0x000000010c6ed38c junit.framework.TestResult.runProtected() + 37
	at 0x000000010c6ed323 junit.framework.TestResult.run() + 104
	at 0x000000010c6ee834 junit.framework.TestSuite.run() + 288
	at 0x000000010c719897 org.junit.runners.ParentRunner.runChildren() + 376
	at 0x000000010c719ce5 org.junit.runners.ParentRunner.run() + 85
	at 0x000000010c711fec org.junit.runner.JUnitCore.run() + 154
	at 0x000000010c711d12 org.junit.runner.JUnitCore.runMain() + 669
	at 0x000000010c71197c org.junit.runner.JUnitCore.runMainAndExit() + 32
	at 0x000000010c6e6e5b java.lang.reflect.Method.invoke:object:() + 23
	at 0x000000010c6e6a9d java.lang.reflect.Method.invoke() + 326
6) testBagOfPrimitiveWrappersSerialization(com.google.gson.functional.ObjectTest)
junit.framework.ComparisonFailure: 
	at 0x000000010c2f00be java.lang.AssertionError.<init>() + 45
	at 0x000000010c6ea381 junit.framework.ComparisonFailure.<init>() + 24
	at 0x000000010c6e8c07 junit.framework.Assert.assertEquals() + 91
	at 0x000000010c7e4a4f com.google.gson.functional.ObjectTest.testBagOfPrimitiveWrappersSerialization() + 191
	at 0x000000010c6e6e5b java.lang.reflect.Method.invoke:object:() + 23
	at 0x000000010c6e6a9d java.lang.reflect.Method.invoke() + 326
	at 0x000000010c6ebd0a junit.framework.TestCase.runTest() + 210
	at 0x000000010c6ebb9c junit.framework.TestCase.runBare() + 50
	at 0x000000010c6ed38c junit.framework.TestResult.runProtected() + 37
	at 0x000000010c6ed323 junit.framework.TestResult.run() + 104
	at 0x000000010c6ee834 junit.framework.TestSuite.run() + 288
	at 0x000000010c719897 org.junit.runners.ParentRunner.runChildren() + 376
	at 0x000000010c719ce5 org.junit.runners.ParentRunner.run() + 85
	at 0x000000010c711fec org.junit.runner.JUnitCore.run() + 154
	at 0x000000010c711d12 org.junit.runner.JUnitCore.runMain() + 669
	at 0x000000010c71197c org.junit.runner.JUnitCore.runMainAndExit() + 32
	at 0x000000010c6e6e5b java.lang.reflect.Method.invoke:object:() + 23
	at 0x000000010c6e6a9d java.lang.reflect.Method.invoke() + 326

FAILURES!!!
Tests run: 44,  Failures: 6

RUNNING: ComGoogleGsonObjectTypeAdapterTest
JUnit version 4.11
.....
Time: 0.002

OK (5 tests)

RUNNING: ComGoogleGsonOverrideCoreTypeAdaptersTest
JUnit version 4.11
...
Time: 0.003

OK (3 tests)

RUNNING: ComGoogleGsonParameterizedTypeTest
JUnit version 4.11
..
Time: 0.001

OK (2 tests)

RUNNING: ComGoogleGsonFunctionalParameterizedTypesTest
JUnit version 4.11
....E.......E.....E.
Time: 0.015
There were 3 failures:
1) testVariableTypeFieldsAndGenericArraysSerialization(com.google.gson.functional.ParameterizedTypesTest)
junit.framework.ComparisonFailure: 
	at 0x00000001042b30be java.lang.AssertionError.<init>() + 45
	at 0x00000001046ad381 junit.framework.ComparisonFailure.<init>() + 24
	at 0x00000001046abc07 junit.framework.Assert.assertEquals() + 91
	at 0x00000001047b229e com.google.gson.functional.ParameterizedTypesTest.testVariableTypeFieldsAndGenericArraysSerialization() + 558
	at 0x00000001046a9e5b java.lang.reflect.Method.invoke:object:() + 23
	at 0x00000001046a9a9d java.lang.reflect.Method.invoke() + 326
	at 0x00000001046aed0a junit.framework.TestCase.runTest() + 210
	at 0x00000001046aeb9c junit.framework.TestCase.runBare() + 50
	at 0x00000001046b038c junit.framework.TestResult.runProtected() + 37
	at 0x00000001046b0323 junit.framework.TestResult.run() + 104
	at 0x00000001046b1834 junit.framework.TestSuite.run() + 288
	at 0x00000001046dc897 org.junit.runners.ParentRunner.runChildren() + 376
	at 0x00000001046dcce5 org.junit.runners.ParentRunner.run() + 85
	at 0x00000001046d4fec org.junit.runner.JUnitCore.run() + 154
	at 0x00000001046d4d12 org.junit.runner.JUnitCore.runMain() + 669
	at 0x00000001046d497c org.junit.runner.JUnitCore.runMainAndExit() + 32
	at 0x00000001046a9e5b java.lang.reflect.Method.invoke:object:() + 23
	at 0x00000001046a9a9d java.lang.reflect.Method.invoke() + 326
2) testVariableTypeFieldsAndGenericArraysDeserialization(com.google.gson.functional.ParameterizedTypesTest)
junit.framework.ComparisonFailure: 
	at 0x00000001042b30be java.lang.AssertionError.<init>() + 45
	at 0x00000001046ad381 junit.framework.ComparisonFailure.<init>() + 24
	at 0x00000001046abc07 junit.framework.Assert.assertEquals() + 91
	at 0x00000001047b2603 com.google.gson.functional.ParameterizedTypesTest.testVariableTypeFieldsAndGenericArraysDeserialization() + 707
	at 0x00000001046a9e5b java.lang.reflect.Method.invoke:object:() + 23
	at 0x00000001046a9a9d java.lang.reflect.Method.invoke() + 326
	at 0x00000001046aed0a junit.framework.TestCase.runTest() + 210
	at 0x00000001046aeb9c junit.framework.TestCase.runBare() + 50
	at 0x00000001046b038c junit.framework.TestResult.runProtected() + 37
	at 0x00000001046b0323 junit.framework.TestResult.run() + 104
	at 0x00000001046b1834 junit.framework.TestSuite.run() + 288
	at 0x00000001046dc897 org.junit.runners.ParentRunner.runChildren() + 376
	at 0x00000001046dcce5 org.junit.runners.ParentRunner.run() + 85
	at 0x00000001046d4fec org.junit.runner.JUnitCore.run() + 154
	at 0x00000001046d4d12 org.junit.runner.JUnitCore.runMain() + 669
	at 0x00000001046d497c org.junit.runner.JUnitCore.runMainAndExit() + 32
	at 0x00000001046a9e5b java.lang.reflect.Method.invoke:object:() + 23
	at 0x00000001046a9a9d java.lang.reflect.Method.invoke() + 326
3) testTypesWithMultipleParametersSerialization(com.google.gson.functional.ParameterizedTypesTest)
junit.framework.ComparisonFailure: 
	at 0x00000001042b30be java.lang.AssertionError.<init>() + 45
	at 0x00000001046ad381 junit.framework.ComparisonFailure.<init>() + 24
	at 0x00000001046abc07 junit.framework.Assert.assertEquals() + 91
	at 0x00000001047b1723 com.google.gson.functional.ParameterizedTypesTest.testTypesWithMultipleParametersSerialization() + 259
	at 0x00000001046a9e5b java.lang.reflect.Method.invoke:object:() + 23
	at 0x00000001046a9a9d java.lang.reflect.Method.invoke() + 326
	at 0x00000001046aed0a junit.framework.TestCase.runTest() + 210
	at 0x00000001046aeb9c junit.framework.TestCase.runBare() + 50
	at 0x00000001046b038c junit.framework.TestResult.runProtected() + 37
	at 0x00000001046b0323 junit.framework.TestResult.run() + 104
	at 0x00000001046b1834 junit.framework.TestSuite.run() + 288
	at 0x00000001046dc897 org.junit.runners.ParentRunner.runChildren() + 376
	at 0x00000001046dcce5 org.junit.runners.ParentRunner.run() + 85
	at 0x00000001046d4fec org.junit.runner.JUnitCore.run() + 154
	at 0x00000001046d4d12 org.junit.runner.JUnitCore.runMain() + 669
	at 0x00000001046d497c org.junit.runner.JUnitCore.runMainAndExit() + 32
	at 0x00000001046a9e5b java.lang.reflect.Method.invoke:object:() + 23
	at 0x00000001046a9a9d java.lang.reflect.Method.invoke() + 326

FAILURES!!!
Tests run: 17,  Failures: 3

RUNNING: ComGoogleGsonMetricsPerformanceTest
JUnit version 4.11
.
Time: 0.002

OK (1 test)

RUNNING: ComGoogleGsonFunctionalPrettyPrintingTest
JUnit version 4.11
........
Time: 0.005

OK (8 tests)

RUNNING: ComGoogleGsonFunctionalPrimitiveCharacterTest
JUnit version 4.11
..
Time: 0.002

OK (2 tests)

RUNNING: ComGoogleGsonFunctionalPrimitiveTest
JUnit version 4.11
...................................................................................................
Time: 0.016

OK (99 tests)

RUNNING: ComGoogleGsonFunctionalPrintFormattingTest
JUnit version 4.11
...
Time: 0.003

OK (3 tests)

RUNNING: ComGoogleGsonFunctionalRawSerializationTest
JUnit version 4.11
.....
Time: 0.005

OK (5 tests)

RUNNING: ComGoogleGsonFunctionalReadersWritersTest
JUnit version 4.11
.....E.....
Time: 0.004
There was 1 failure:
1) testWriterForSerialization(com.google.gson.functional.ReadersWritersTest)
junit.framework.ComparisonFailure: 
	at 0x00000001005660be java.lang.AssertionError.<init>() + 45
	at 0x0000000100960381 junit.framework.ComparisonFailure.<init>() + 24
	at 0x000000010095ec07 junit.framework.Assert.assertEquals() + 91
	at 0x0000000100a7a305 com.google.gson.functional.ReadersWritersTest.testWriterForSerialization() + 181
	at 0x000000010095ce5b java.lang.reflect.Method.invoke:object:() + 23
	at 0x000000010095ca9d java.lang.reflect.Method.invoke() + 326
	at 0x0000000100961d0a junit.framework.TestCase.runTest() + 210
	at 0x0000000100961b9c junit.framework.TestCase.runBare() + 50
	at 0x000000010096338c junit.framework.TestResult.runProtected() + 37
	at 0x0000000100963323 junit.framework.TestResult.run() + 104
	at 0x0000000100964834 junit.framework.TestSuite.run() + 288
	at 0x000000010098f897 org.junit.runners.ParentRunner.runChildren() + 376
	at 0x000000010098fce5 org.junit.runners.ParentRunner.run() + 85
	at 0x0000000100987fec org.junit.runner.JUnitCore.run() + 154
	at 0x0000000100987d12 org.junit.runner.JUnitCore.runMain() + 669
	at 0x000000010098797c org.junit.runner.JUnitCore.runMainAndExit() + 32
	at 0x000000010095ce5b java.lang.reflect.Method.invoke:object:() + 23
	at 0x000000010095ca9d java.lang.reflect.Method.invoke() + 326

FAILURES!!!
Tests run: 10,  Failures: 1

RUNNING: ComGoogleGsonFunctionalRuntimeTypeAdapterFactoryFunctionalTest
JUnit version 4.11
.
Time: 0.002

OK (1 test)

RUNNING: ComGoogleGsonFunctionalSecurityTest
JUnit version 4.11
.....
Time: 0.003

OK (5 tests)

RUNNING: ComGoogleGsonFunctionalSerializedNameTest
JUnit version 4.11
...
Time: 0.002

OK (3 tests)

RUNNING: ComGoogleGsonFunctionalStreamingTypeAdaptersTest
JUnit version 4.11
................E.
Time: 0.005
There was 1 failure:
1) testSerializeRecursive(com.google.gson.functional.StreamingTypeAdaptersTest)
junit.framework.ComparisonFailure: 
	at 0x000000010875b0be java.lang.AssertionError.<init>() + 45
	at 0x0000000108b55381 junit.framework.ComparisonFailure.<init>() + 24
	at 0x0000000108b53c07 junit.framework.Assert.assertEquals() + 91
	at 0x0000000108c79873 com.google.gson.functional.StreamingTypeAdaptersTest.testSerializeRecursive() + 323
	at 0x0000000108b51e5b java.lang.reflect.Method.invoke:object:() + 23
	at 0x0000000108b51a9d java.lang.reflect.Method.invoke() + 326
	at 0x0000000108b56d0a junit.framework.TestCase.runTest() + 210
	at 0x0000000108b56b9c junit.framework.TestCase.runBare() + 50
	at 0x0000000108b5838c junit.framework.TestResult.runProtected() + 37
	at 0x0000000108b58323 junit.framework.TestResult.run() + 104
	at 0x0000000108b59834 junit.framework.TestSuite.run() + 288
	at 0x0000000108b84897 org.junit.runners.ParentRunner.runChildren() + 376
	at 0x0000000108b84ce5 org.junit.runners.ParentRunner.run() + 85
	at 0x0000000108b7cfec org.junit.runner.JUnitCore.run() + 154
	at 0x0000000108b7cd12 org.junit.runner.JUnitCore.runMain() + 669
	at 0x0000000108b7c97c org.junit.runner.JUnitCore.runMainAndExit() + 32
	at 0x0000000108b51e5b java.lang.reflect.Method.invoke:object:() + 23
	at 0x0000000108b51a9d java.lang.reflect.Method.invoke() + 326

FAILURES!!!
Tests run: 17,  Failures: 1

RUNNING: ComGoogleGsonFunctionalStringTest
JUnit version 4.11
..................
Time: 0.004

OK (18 tests)

RUNNING: ComGoogleGsonFunctionalThrowableFunctionalTest
JUnit version 4.11
...E.E.
Time: 0.004
There were 2 failures:
1) testErrornWithCause(com.google.gson.functional.ThrowableFunctionalTest)
junit.framework.ComparisonFailure: 
	at 0x000000010b57c0be java.lang.AssertionError.<init>() + 45
	at 0x000000010b976381 junit.framework.ComparisonFailure.<init>() + 24
	at 0x000000010b974c07 junit.framework.Assert.assertEquals() + 91
	at 0x000000010baa61b0 com.google.gson.functional.ThrowableFunctionalTest.testErrornWithCause() + 576
	at 0x000000010b972e5b java.lang.reflect.Method.invoke:object:() + 23
	at 0x000000010b972a9d java.lang.reflect.Method.invoke() + 326
	at 0x000000010b977d0a junit.framework.TestCase.runTest() + 210
	at 0x000000010b977b9c junit.framework.TestCase.runBare() + 50
	at 0x000000010b97938c junit.framework.TestResult.runProtected() + 37
	at 0x000000010b979323 junit.framework.TestResult.run() + 104
	at 0x000000010b97a834 junit.framework.TestSuite.run() + 288
	at 0x000000010b9a5897 org.junit.runners.ParentRunner.runChildren() + 376
	at 0x000000010b9a5ce5 org.junit.runners.ParentRunner.run() + 85
	at 0x000000010b99dfec org.junit.runner.JUnitCore.run() + 154
	at 0x000000010b99dd12 org.junit.runner.JUnitCore.runMain() + 669
	at 0x000000010b99d97c org.junit.runner.JUnitCore.runMainAndExit() + 32
	at 0x000000010b972e5b java.lang.reflect.Method.invoke:object:() + 23
	at 0x000000010b972a9d java.lang.reflect.Method.invoke() + 326
2) testExceptionWithCause(com.google.gson.functional.ThrowableFunctionalTest)
junit.framework.AssertionFailedError
	at 0x000000010b974aee junit.framework.Assert.fail() + 16
	at 0x000000010b974a91 junit.framework.Assert.assertFalse() + 0
	at 0x000000010baa5bf8 com.google.gson.functional.ThrowableFunctionalTest.testExceptionWithCause() + 216
	at 0x000000010b972e5b java.lang.reflect.Method.invoke:object:() + 23
	at 0x000000010b972a9d java.lang.reflect.Method.invoke() + 326
	at 0x000000010b977d0a junit.framework.TestCase.runTest() + 210
	at 0x000000010b977b9c junit.framework.TestCase.runBare() + 50
	at 0x000000010b97938c junit.framework.TestResult.runProtected() + 37
	at 0x000000010b979323 junit.framework.TestResult.run() + 104
	at 0x000000010b97a834 junit.framework.TestSuite.run() + 288
	at 0x000000010b9a5897 org.junit.runners.ParentRunner.runChildren() + 376
	at 0x000000010b9a5ce5 org.junit.runners.ParentRunner.run() + 85
	at 0x000000010b99dfec org.junit.runner.JUnitCore.run() + 154
	at 0x000000010b99dd12 org.junit.runner.JUnitCore.runMain() + 669
	at 0x000000010b99d97c org.junit.runner.JUnitCore.runMainAndExit() + 32
	at 0x000000010b972e5b java.lang.reflect.Method.invoke:object:() + 23
	at 0x000000010b972a9d java.lang.reflect.Method.invoke() + 326

FAILURES!!!
Tests run: 5,  Failures: 2

RUNNING: ComGoogleGsonFunctionalTreeTypeAdaptersTest
JUnit version 4.11
..
Time: 0.004

OK (2 tests)

RUNNING: ComGoogleGsonFunctionalTypeAdapterPrecedenceTest
JUnit version 4.11
........
Time: 0.003

OK (8 tests)

RUNNING: ComGoogleGsonFunctionalTypeHierarchyAdapterTest
JUnit version 4.11
...
Time: 0.004

OK (3 tests)

RUNNING: ComGoogleGsonReflectTypeTokenTest
JUnit version 4.11
......
Time: 0.003

OK (6 tests)

RUNNING: ComGoogleGsonFunctionalTypeVariableTest
JUnit version 4.11
...
Time: 0.005

OK (3 tests)

RUNNING: ComGoogleGsonFunctionalUncategorizedTest
JUnit version 4.11
......
Time: 0.004

OK (6 tests)

RUNNING: ComGoogleGsonInternalUnsafeAllocatorInstantiationTest
JUnit version 4.11
...
Time: 0.001

OK (3 tests)

RUNNING: ComGoogleGsonVersionExclusionStrategyTest
JUnit version 4.11
...
Time: 0

OK (3 tests)

RUNNING: ComGoogleGsonFunctionalVersioningTest
JUnit version 4.11
..E........
Time: 0.004
There was 1 failure:
1) testVersionedGsonWithUnversionedClassesSerialization(com.google.gson.functional.VersioningTest)
junit.framework.ComparisonFailure: 
	at 0x0000000107dcd0be java.lang.AssertionError.<init>() + 45
	at 0x00000001081c7381 junit.framework.ComparisonFailure.<init>() + 24
	at 0x00000001081c5c07 junit.framework.Assert.assertEquals() + 91
	at 0x0000000108317320 com.google.gson.functional.VersioningTest.testVersionedGsonWithUnversionedClassesSerialization() + 288
	at 0x00000001081c3e5b java.lang.reflect.Method.invoke:object:() + 23
	at 0x00000001081c3a9d java.lang.reflect.Method.invoke() + 326
	at 0x00000001081c8d0a junit.framework.TestCase.runTest() + 210
	at 0x00000001081c8b9c junit.framework.TestCase.runBare() + 50
	at 0x00000001081ca38c junit.framework.TestResult.runProtected() + 37
	at 0x00000001081ca323 junit.framework.TestResult.run() + 104
	at 0x00000001081cb834 junit.framework.TestSuite.run() + 288
	at 0x00000001081f6897 org.junit.runners.ParentRunner.runChildren() + 376
	at 0x00000001081f6ce5 org.junit.runners.ParentRunner.run() + 85
	at 0x00000001081eefec org.junit.runner.JUnitCore.run() + 154
	at 0x00000001081eed12 org.junit.runner.JUnitCore.runMain() + 669
	at 0x00000001081ee97c org.junit.runner.JUnitCore.runMainAndExit() + 32
	at 0x00000001081c3e5b java.lang.reflect.Method.invoke:object:() + 23
	at 0x00000001081c3a9d java.lang.reflect.Method.invoke() + 326

FAILURES!!!
Tests run: 10,  Failures: 1

