RUNNING: ComGoogleGsonFunctionalArrayTest
JUnit version 4.11
..........................
Time: 0.015

OK (26 tests)

RUNNING: ComGoogleGsonFunctionalCircularReferenceTest
JUnit version 4.11
..RUNNING: ComGoogleGsonFunctionalCollectionTest
JUnit version 4.11
...E........E.................E
Time: 0.02
There were 3 failures:
1) testWildcardCollectionField(com.google.gson.functional.CollectionTest)
junit.framework.AssertionFailedError
	at 0x0000000109884aee junit.framework.Assert.fail() + 16
	at 0x0000000109884a91 junit.framework.Assert.assertFalse() + 0
	at 0x00000001098d358f com.google.gson.functional.CollectionTest.testWildcardCollectionField() + 351
	at 0x0000000109882e5b java.lang.reflect.Method.invoke:object:() + 23
	at 0x0000000109882a9d java.lang.reflect.Method.invoke() + 326
	at 0x0000000109887d0a junit.framework.TestCase.runTest() + 210
	at 0x0000000109887b9c junit.framework.TestCase.runBare() + 50
	at 0x000000010988938c junit.framework.TestResult.runProtected() + 37
	at 0x0000000109889323 junit.framework.TestResult.run() + 104
	at 0x000000010988a834 junit.framework.TestSuite.run() + 288
	at 0x00000001098b5897 org.junit.runners.ParentRunner.runChildren() + 376
	at 0x00000001098b5ce5 org.junit.runners.ParentRunner.run() + 85
	at 0x00000001098adfec org.junit.runner.JUnitCore.run() + 154
	at 0x00000001098add12 org.junit.runner.JUnitCore.runMain() + 669
	at 0x00000001098ad97c org.junit.runner.JUnitCore.runMainAndExit() + 32
	at 0x0000000109882e5b java.lang.reflect.Method.invoke:object:() + 23
	at 0x0000000109882a9d java.lang.reflect.Method.invoke() + 326
2) testRawCollectionSerialization(com.google.gson.functional.CollectionTest)
junit.framework.AssertionFailedError
	at 0x0000000109884aee junit.framework.Assert.fail() + 16
	at 0x0000000109884a91 junit.framework.Assert.assertFalse() + 0
	at 0x00000001098d2932 com.google.gson.functional.CollectionTest.testRawCollectionSerialization() + 306
	at 0x0000000109882e5b java.lang.reflect.Method.invoke:object:() + 23
	at 0x0000000109882a9d java.lang.reflect.Method.invoke() + 326
	at 0x0000000109887d0a junit.framework.TestCase.runTest() + 210
	at 0x0000000109887b9c junit.framework.TestCase.runBare() + 50
	at 0x000000010988938c junit.framework.TestResult.runProtected() + 37
	at 0x0000000109889323 junit.framework.TestResult.run() + 104
	at 0x000000010988a834 junit.framework.TestSuite.run() + 288
	at 0x00000001098b5897 org.junit.runners.ParentRunner.runChildren() + 376
	at 0x00000001098b5ce5 org.junit.runners.ParentRunner.run() + 85
	at 0x00000001098adfec org.junit.runner.JUnitCore.run() + 154
	at 0x00000001098add12 org.junit.runner.JUnitCore.runMain() + 669
	at 0x00000001098ad97c org.junit.runner.JUnitCore.runMainAndExit() + 32
	at 0x0000000109882e5b java.lang.reflect.Method.invoke:object:() + 23
	at 0x0000000109882a9d java.lang.reflect.Method.invoke() + 326
3) testCollectionOfBagOfPrimitivesSerialization(com.google.gson.functional.CollectionTest)
junit.framework.AssertionFailedError
	at 0x0000000109884aee junit.framework.Assert.fail() + 16
	at 0x0000000109884a91 junit.framework.Assert.assertFalse() + 0
	at 0x00000001098d24f7 com.google.gson.functional.CollectionTest.testCollectionOfBagOfPrimitivesSerialization() + 855
	at 0x0000000109882e5b java.lang.reflect.Method.invoke:object:() + 23
	at 0x0000000109882a9d java.lang.reflect.Method.invoke() + 326
	at 0x0000000109887d0a junit.framework.TestCase.runTest() + 210
	at 0x0000000109887b9c junit.framework.TestCase.runBare() + 50
	at 0x000000010988938c junit.framework.TestResult.runProtected() + 37
	at 0x0000000109889323 junit.framework.TestResult.run() + 104
	at 0x000000010988a834 junit.framework.TestSuite.run() + 288
	at 0x00000001098b5897 org.junit.runners.ParentRunner.runChildren() + 376
	at 0x00000001098b5ce5 org.junit.runners.ParentRunner.run() + 85
	at 0x00000001098adfec org.junit.runner.JUnitCore.run() + 154
	at 0x00000001098add12 org.junit.runner.JUnitCore.runMain() + 669
	at 0x00000001098ad97c org.junit.runner.JUnitCore.runMainAndExit() + 32
	at 0x0000000109882e5b java.lang.reflect.Method.invoke:object:() + 23
	at 0x0000000109882a9d java.lang.reflect.Method.invoke() + 326

FAILURES!!!
Tests run: 28,  Failures: 3

RUNNING: ComGoogleGsonCommentsTest
JUnit version 4.11
.
Time: 0.003

OK (1 test)

RUNNING: ComGoogleGsonFunctionalConcurrencyTest
JUnit version 4.11
....
Time: 0.013

OK (4 tests)

RUNNING: ComGoogleGsonFunctionalCustomDeserializerTest
JUnit version 4.11
.......
Time: 0.005

OK (7 tests)

RUNNING: ComGoogleGsonFunctionalCustomSerializerTest
JUnit version 4.11
.....
Time: 0.004

OK (5 tests)

RUNNING: ComGoogleGsonFunctionalCustomTypeAdaptersTest
JUnit version 4.11
...................
Time: 0.008

OK (19 tests)

RUNNING: ComGoogleGsonDefaultDateTypeAdapterTest
JUnit version 4.11
.E.E.E.E..E...
Time: 0.099
There were 5 failures:
1) testFormattingInEnUs(com.google.gson.DefaultDateTypeAdapterTest)
junit.framework.ComparisonFailure: 
	at 0x00000001065c50be java.lang.AssertionError.<init>() + 45
	at 0x00000001069bf381 junit.framework.ComparisonFailure.<init>() + 24
	at 0x00000001069bdc07 junit.framework.Assert.assertEquals() + 91
	at 0x0000000106a1fbc3 com.google.gson.DefaultDateTypeAdapterTest.assertFormatted() + 195
	at 0x0000000106a1eedd com.google.gson.DefaultDateTypeAdapterTest.assertFormattingAlwaysEmitsUsLocale() + 493
	at 0x0000000106a1ece0 com.google.gson.DefaultDateTypeAdapterTest.testFormattingInEnUs() + 112
	at 0x00000001069bbe5b java.lang.reflect.Method.invoke:object:() + 23
	at 0x00000001069bba9d java.lang.reflect.Method.invoke() + 326
	at 0x00000001069c0d0a junit.framework.TestCase.runTest() + 210
	at 0x00000001069c0b9c junit.framework.TestCase.runBare() + 50
	at 0x00000001069c238c junit.framework.TestResult.runProtected() + 37
	at 0x00000001069c2323 junit.framework.TestResult.run() + 104
	at 0x00000001069c3834 junit.framework.TestSuite.run() + 288
	at 0x00000001069ee897 org.junit.runners.ParentRunner.runChildren() + 376
	at 0x00000001069eece5 org.junit.runners.ParentRunner.run() + 85
	at 0x00000001069e6fec org.junit.runner.JUnitCore.run() + 154
	at 0x00000001069e6d12 org.junit.runner.JUnitCore.runMain() + 669
	at 0x00000001069e697c org.junit.runner.JUnitCore.runMainAndExit() + 32
	at 0x00000001069bbe5b java.lang.reflect.Method.invoke:object:() + 23
	at 0x00000001069bba9d java.lang.reflect.Method.invoke() + 326
2) testFormattingInFr(com.google.gson.DefaultDateTypeAdapterTest)
junit.framework.ComparisonFailure: 
	at 0x00000001065c50be java.lang.AssertionError.<init>() + 45
	at 0x00000001069bf381 junit.framework.ComparisonFailure.<init>() + 24
	at 0x00000001069bdc07 junit.framework.Assert.assertEquals() + 91
	at 0x0000000106a1fbc3 com.google.gson.DefaultDateTypeAdapterTest.assertFormatted() + 195
	at 0x0000000106a1eedd com.google.gson.DefaultDateTypeAdapterTest.assertFormattingAlwaysEmitsUsLocale() + 493
	at 0x0000000106a1f090 com.google.gson.DefaultDateTypeAdapterTest.testFormattingInFr() + 112
	at 0x00000001069bbe5b java.lang.reflect.Method.invoke:object:() + 23
	at 0x00000001069bba9d java.lang.reflect.Method.invoke() + 326
	at 0x00000001069c0d0a junit.framework.TestCase.runTest() + 210
	at 0x00000001069c0b9c junit.framework.TestCase.runBare() + 50
	at 0x00000001069c238c junit.framework.TestResult.runProtected() + 37
	at 0x00000001069c2323 junit.framework.TestResult.run() + 104
	at 0x00000001069c3834 junit.framework.TestSuite.run() + 288
	at 0x00000001069ee897 org.junit.runners.ParentRunner.runChildren() + 376
	at 0x00000001069eece5 org.junit.runners.ParentRunner.run() + 85
	at 0x00000001069e6fec org.junit.runner.JUnitCore.run() + 154
	at 0x00000001069e6d12 org.junit.runner.JUnitCore.runMain() + 669
	at 0x00000001069e697c org.junit.runner.JUnitCore.runMainAndExit() + 32
	at 0x00000001069bbe5b java.lang.reflect.Method.invoke:object:() + 23
	at 0x00000001069bba9d java.lang.reflect.Method.invoke() + 326
3) testDateDeserializationISO8601(com.google.gson.DefaultDateTypeAdapterTest)
com.google.gson.JsonSyntaxException: 1970-01-01T01:00:00+01:00
	at 0x0000000106a63330 com.google.gson.JsonParseException.<init>() + 48
	at 0x0000000106a84340 com.google.gson.JsonSyntaxException.<init>() + 48
	at 0x0000000106a1e07f com.google.gson.DefaultDateTypeAdapter.deserializeToDate() + 735
	at 0x0000000106a1dc4c com.google.gson.DefaultDateTypeAdapter.deserialize() + 124
	at 0x0000000106a1f4ef com.google.gson.DefaultDateTypeAdapterTest.assertParsed() + 143
	at 0x0000000106a1fc44 com.google.gson.DefaultDateTypeAdapterTest.testDateDeserializationISO8601() + 116
	at 0x00000001069bbe5b java.lang.reflect.Method.invoke:object:() + 23
	at 0x00000001069bba9d java.lang.reflect.Method.invoke() + 326
	at 0x00000001069c0d0a junit.framework.TestCase.runTest() + 210
	at 0x00000001069c0b9c junit.framework.TestCase.runBare() + 50
	at 0x00000001069c238c junit.framework.TestResult.runProtected() + 37
	at 0x00000001069c2323 junit.framework.TestResult.run() + 104
	at 0x00000001069c3834 junit.framework.TestSuite.run() + 288
	at 0x00000001069ee897 org.junit.runners.ParentRunner.runChildren() + 376
	at 0x00000001069eece5 org.junit.runners.ParentRunner.run() + 85
	at 0x00000001069e6fec org.junit.runner.JUnitCore.run() + 154
	at 0x00000001069e6d12 org.junit.runner.JUnitCore.runMain() + 669
	at 0x00000001069e697c org.junit.runner.JUnitCore.runMainAndExit() + 32
	at 0x00000001069bbe5b java.lang.reflect.Method.invoke:object:() + 23
	at 0x00000001069bba9d java.lang.reflect.Method.invoke() + 326
Caused by: java.text.ParseException: Failed to parse date ["1970-01-01T01:00:00+01:00']: Mismatching time zone indicator: GMT+01:00 given, resolves to GMT+0100
	at 0x0000000106a46543 com.google.gson.internal.bind.util.ISO8601Utils.parse() + 4115
	at 0x0000000106a1e006 com.google.gson.DefaultDateTypeAdapter.deserializeToDate() + 614
	at 0x0000000106a1dc4c com.google.gson.DefaultDateTypeAdapter.deserialize() + 124
	at 0x0000000106a1f4ef com.google.gson.DefaultDateTypeAdapterTest.assertParsed() + 143
	at 0x0000000106a1fc44 com.google.gson.DefaultDateTypeAdapterTest.testDateDeserializationISO8601() + 116
	at 0x00000001069bbe5b java.lang.reflect.Method.invoke:object:() + 23
	at 0x00000001069bba9d java.lang.reflect.Method.invoke() + 326
	at 0x00000001069c0d0a junit.framework.TestCase.runTest() + 210
	at 0x00000001069c0b9c junit.framework.TestCase.runBare() + 50
	at 0x00000001069c238c junit.framework.TestResult.runProtected() + 37
	at 0x00000001069c2323 junit.framework.TestResult.run() + 104
	at 0x00000001069c3834 junit.framework.TestSuite.run() + 288
	at 0x00000001069ee897 org.junit.runners.ParentRunner.runChildren() + 376
	at 0x00000001069eece5 org.junit.runners.ParentRunner.run() + 85
	at 0x00000001069e6fec org.junit.runner.JUnitCore.run() + 154
	at 0x00000001069e6d12 org.junit.runner.JUnitCore.runMain() + 669
	at 0x00000001069e697c org.junit.runner.JUnitCore.runMainAndExit() + 32
	at 0x00000001069bbe5b java.lang.reflect.Method.invoke:object:() + 23
	at 0x00000001069bba9d java.lang.reflect.Method.invoke() + 326
Caused by: java.lang.IndexOutOfBoundsException: Mismatching time zone indicator: GMT+01:00 given, resolves to GMT+0100
	at 0x0000000106a46137 com.google.gson.internal.bind.util.ISO8601Utils.parse() + 3079
	at 0x0000000106a1e006 com.google.gson.DefaultDateTypeAdapter.deserializeToDate() + 614
	at 0x0000000106a1dc4c com.google.gson.DefaultDateTypeAdapter.deserialize() + 124
	at 0x0000000106a1f4ef com.google.gson.DefaultDateTypeAdapterTest.assertParsed() + 143
	at 0x0000000106a1fc44 com.google.gson.DefaultDateTypeAdapterTest.testDateDeserializationISO8601() + 116
	at 0x00000001069bbe5b java.lang.reflect.Method.invoke:object:() + 23
	at 0x00000001069bba9d java.lang.reflect.Method.invoke() + 326
	at 0x00000001069c0d0a junit.framework.TestCase.runTest() + 210
	at 0x00000001069c0b9c junit.framework.TestCase.runBare() + 50
	at 0x00000001069c238c junit.framework.TestResult.runProtected() + 37
	at 0x00000001069c2323 junit.framework.TestResult.run() + 104
	at 0x00000001069c3834 junit.framework.TestSuite.run() + 288
	at 0x00000001069ee897 org.junit.runners.ParentRunner.runChildren() + 376
	at 0x00000001069eece5 org.junit.runners.ParentRunner.run() + 85
	at 0x00000001069e6fec org.junit.runner.JUnitCore.run() + 154
	at 0x00000001069e6d12 org.junit.runner.JUnitCore.runMain() + 669
	at 0x00000001069e697c org.junit.runner.JUnitCore.runMainAndExit() + 32
	at 0x00000001069bbe5b java.lang.reflect.Method.invoke:object:() + 23
	at 0x00000001069bba9d java.lang.reflect.Method.invoke() + 326
4) testParsingDatesFormattedWithSystemLocale(com.google.gson.DefaultDateTypeAdapterTest)
com.google.gson.JsonSyntaxException: jeudi 1 janvier 1970 00 h 00 UTC
	at 0x0000000106a63330 com.google.gson.JsonParseException.<init>() + 48
	at 0x0000000106a84340 com.google.gson.JsonSyntaxException.<init>() + 48
	at 0x0000000106a1e07f com.google.gson.DefaultDateTypeAdapter.deserializeToDate() + 735
	at 0x0000000106a1dc4c com.google.gson.DefaultDateTypeAdapter.deserialize() + 124
	at 0x0000000106a1f4ef com.google.gson.DefaultDateTypeAdapterTest.assertParsed() + 143
	at 0x0000000106a1f35e com.google.gson.DefaultDateTypeAdapterTest.testParsingDatesFormattedWithSystemLocale() + 654
	at 0x00000001069bbe5b java.lang.reflect.Method.invoke:object:() + 23
	at 0x00000001069bba9d java.lang.reflect.Method.invoke() + 326
	at 0x00000001069c0d0a junit.framework.TestCase.runTest() + 210
	at 0x00000001069c0b9c junit.framework.TestCase.runBare() + 50
	at 0x00000001069c238c junit.framework.TestResult.runProtected() + 37
	at 0x00000001069c2323 junit.framework.TestResult.run() + 104
	at 0x00000001069c3834 junit.framework.TestSuite.run() + 288
	at 0x00000001069ee897 org.junit.runners.ParentRunner.runChildren() + 376
	at 0x00000001069eece5 org.junit.runners.ParentRunner.run() + 85
	at 0x00000001069e6fec org.junit.runner.JUnitCore.run() + 154
	at 0x00000001069e6d12 org.junit.runner.JUnitCore.runMain() + 669
	at 0x00000001069e697c org.junit.runner.JUnitCore.runMainAndExit() + 32
	at 0x00000001069bbe5b java.lang.reflect.Method.invoke:object:() + 23
	at 0x00000001069bba9d java.lang.reflect.Method.invoke() + 326
Caused by: java.text.ParseException: Failed to parse date ["jeudi 1 janvier 1970 00 h 00 UTC']: Invalid number: jeud
	at 0x0000000106a46543 com.google.gson.internal.bind.util.ISO8601Utils.parse() + 4115
	at 0x0000000106a1e006 com.google.gson.DefaultDateTypeAdapter.deserializeToDate() + 614
	at 0x0000000106a1dc4c com.google.gson.DefaultDateTypeAdapter.deserialize() + 124
	at 0x0000000106a1f4ef com.google.gson.DefaultDateTypeAdapterTest.assertParsed() + 143
	at 0x0000000106a1f35e com.google.gson.DefaultDateTypeAdapterTest.testParsingDatesFormattedWithSystemLocale() + 654
	at 0x00000001069bbe5b java.lang.reflect.Method.invoke:object:() + 23
	at 0x00000001069bba9d java.lang.reflect.Method.invoke() + 326
	at 0x00000001069c0d0a junit.framework.TestCase.runTest() + 210
	at 0x00000001069c0b9c junit.framework.TestCase.runBare() + 50
	at 0x00000001069c238c junit.framework.TestResult.runProtected() + 37
	at 0x00000001069c2323 junit.framework.TestResult.run() + 104
	at 0x00000001069c3834 junit.framework.TestSuite.run() + 288
	at 0x00000001069ee897 org.junit.runners.ParentRunner.runChildren() + 376
	at 0x00000001069eece5 org.junit.runners.ParentRunner.run() + 85
	at 0x00000001069e6fec org.junit.runner.JUnitCore.run() + 154
	at 0x00000001069e6d12 org.junit.runner.JUnitCore.runMain() + 669
	at 0x00000001069e697c org.junit.runner.JUnitCore.runMainAndExit() + 32
	at 0x00000001069bbe5b java.lang.reflect.Method.invoke:object:() + 23
	at 0x00000001069bba9d java.lang.reflect.Method.invoke() + 326
Caused by: java.lang.NumberFormatException: Invalid number: jeud
	at 0x0000000106a46850 com.google.gson.internal.bind.util.ISO8601Utils.parseInt() + 368
	at 0x0000000106a45606 com.google.gson.internal.bind.util.ISO8601Utils.parse() + 214
	at 0x0000000106a1e006 com.google.gson.DefaultDateTypeAdapter.deserializeToDate() + 614
	at 0x0000000106a1dc4c com.google.gson.DefaultDateTypeAdapter.deserialize() + 124
	at 0x0000000106a1f4ef com.google.gson.DefaultDateTypeAdapterTest.assertParsed() + 143
	at 0x0000000106a1f35e com.google.gson.DefaultDateTypeAdapterTest.testParsingDatesFormattedWithSystemLocale() + 654
	at 0x00000001069bbe5b java.lang.reflect.Method.invoke:object:() + 23
	at 0x00000001069bba9d java.lang.reflect.Method.invoke() + 326
	at 0x00000001069c0d0a junit.framework.TestCase.runTest() + 210
	at 0x00000001069c0b9c junit.framework.TestCase.runBare() + 50
	at 0x00000001069c238c junit.framework.TestResult.runProtected() + 37
	at 0x00000001069c2323 junit.framework.TestResult.run() + 104
	at 0x00000001069c3834 junit.framework.TestSuite.run() + 288
	at 0x00000001069ee897 org.junit.runners.ParentRunner.runChildren() + 376
	at 0x00000001069eece5 org.junit.runners.ParentRunner.run() + 85
	at 0x00000001069e6fec org.junit.runner.JUnitCore.run() + 154
	at 0x00000001069e6d12 org.junit.runner.JUnitCore.runMain() + 669
	at 0x00000001069e697c org.junit.runner.JUnitCore.runMainAndExit() + 32
	at 0x00000001069bbe5b java.lang.reflect.Method.invoke:object:() + 23
	at 0x00000001069bba9d java.lang.reflect.Method.invoke() + 326
5) testParsingDatesFormattedWithUsLocale(com.google.gson.DefaultDateTypeAdapterTest)
com.google.gson.JsonSyntaxException: January 1, 1970 0:00:00 AM UTC
	at 0x0000000106a63330 com.google.gson.JsonParseException.<init>() + 48
	at 0x0000000106a84340 com.google.gson.JsonSyntaxException.<init>() + 48
	at 0x0000000106a1e07f com.google.gson.DefaultDateTypeAdapter.deserializeToDate() + 735
	at 0x0000000106a1dc4c com.google.gson.DefaultDateTypeAdapter.deserialize() + 124
	at 0x0000000106a1f4ef com.google.gson.DefaultDateTypeAdapterTest.assertParsed() + 143
	at 0x0000000106a1f7bd com.google.gson.DefaultDateTypeAdapterTest.testParsingDatesFormattedWithUsLocale() + 589
	at 0x00000001069bbe5b java.lang.reflect.Method.invoke:object:() + 23
	at 0x00000001069bba9d java.lang.reflect.Method.invoke() + 326
	at 0x00000001069c0d0a junit.framework.TestCase.runTest() + 210
	at 0x00000001069c0b9c junit.framework.TestCase.runBare() + 50
	at 0x00000001069c238c junit.framework.TestResult.runProtected() + 37
	at 0x00000001069c2323 junit.framework.TestResult.run() + 104
	at 0x00000001069c3834 junit.framework.TestSuite.run() + 288
	at 0x00000001069ee897 org.junit.runners.ParentRunner.runChildren() + 376
	at 0x00000001069eece5 org.junit.runners.ParentRunner.run() + 85
	at 0x00000001069e6fec org.junit.runner.JUnitCore.run() + 154
	at 0x00000001069e6d12 org.junit.runner.JUnitCore.runMain() + 669
	at 0x00000001069e697c org.junit.runner.JUnitCore.runMainAndExit() + 32
	at 0x00000001069bbe5b java.lang.reflect.Method.invoke:object:() + 23
	at 0x00000001069bba9d java.lang.reflect.Method.invoke() + 326
Caused by: java.text.ParseException: Failed to parse date ["January 1, 1970 0:00:00 AM UTC']: Invalid number: Janu
	at 0x0000000106a46543 com.google.gson.internal.bind.util.ISO8601Utils.parse() + 4115
	at 0x0000000106a1e006 com.google.gson.DefaultDateTypeAdapter.deserializeToDate() + 614
	at 0x0000000106a1dc4c com.google.gson.DefaultDateTypeAdapter.deserialize() + 124
	at 0x0000000106a1f4ef com.google.gson.DefaultDateTypeAdapterTest.assertParsed() + 143
	at 0x0000000106a1f7bd com.google.gson.DefaultDateTypeAdapterTest.testParsingDatesFormattedWithUsLocale() + 589
	at 0x00000001069bbe5b java.lang.reflect.Method.invoke:object:() + 23
	at 0x00000001069bba9d java.lang.reflect.Method.invoke() + 326
	at 0x00000001069c0d0a junit.framework.TestCase.runTest() + 210
	at 0x00000001069c0b9c junit.framework.TestCase.runBare() + 50
	at 0x00000001069c238c junit.framework.TestResult.runProtected() + 37
	at 0x00000001069c2323 junit.framework.TestResult.run() + 104
	at 0x00000001069c3834 junit.framework.TestSuite.run() + 288
	at 0x00000001069ee897 org.junit.runners.ParentRunner.runChildren() + 376
	at 0x00000001069eece5 org.junit.runners.ParentRunner.run() + 85
	at 0x00000001069e6fec org.junit.runner.JUnitCore.run() + 154
	at 0x00000001069e6d12 org.junit.runner.JUnitCore.runMain() + 669
	at 0x00000001069e697c org.junit.runner.JUnitCore.runMainAndExit() + 32
	at 0x00000001069bbe5b java.lang.reflect.Method.invoke:object:() + 23
	at 0x00000001069bba9d java.lang.reflect.Method.invoke() + 326
Caused by: java.lang.NumberFormatException: Invalid number: Janu
	at 0x0000000106a46850 com.google.gson.internal.bind.util.ISO8601Utils.parseInt() + 368
	at 0x0000000106a45606 com.google.gson.internal.bind.util.ISO8601Utils.parse() + 214
	at 0x0000000106a1e006 com.google.gson.DefaultDateTypeAdapter.deserializeToDate() + 614
	at 0x0000000106a1dc4c com.google.gson.DefaultDateTypeAdapter.deserialize() + 124
	at 0x0000000106a1f4ef com.google.gson.DefaultDateTypeAdapterTest.assertParsed() + 143
	at 0x0000000106a1f7bd com.google.gson.DefaultDateTypeAdapterTest.testParsingDatesFormattedWithUsLocale() + 589
	at 0x00000001069bbe5b java.lang.reflect.Method.invoke:object:() + 23
	at 0x00000001069bba9d java.lang.reflect.Method.invoke() + 326
	at 0x00000001069c0d0a junit.framework.TestCase.runTest() + 210
	at 0x00000001069c0b9c junit.framework.TestCase.runBare() + 50
	at 0x00000001069c238c junit.framework.TestResult.runProtected() + 37
	at 0x00000001069c2323 junit.framework.TestResult.run() + 104
	at 0x00000001069c3834 junit.framework.TestSuite.run() + 288
	at 0x00000001069ee897 org.junit.runners.ParentRunner.runChildren() + 376
	at 0x00000001069eece5 org.junit.runners.ParentRunner.run() + 85
	at 0x00000001069e6fec org.junit.runner.JUnitCore.run() + 154
	at 0x00000001069e6d12 org.junit.runner.JUnitCore.runMain() + 669
	at 0x00000001069e697c org.junit.runner.JUnitCore.runMainAndExit() + 32
	at 0x00000001069bbe5b java.lang.reflect.Method.invoke:object:() + 23
	at 0x00000001069bba9d java.lang.reflect.Method.invoke() + 326

FAILURES!!!
Tests run: 9,  Failures: 5

RUNNING: ComGoogleGsonDefaultInetAddressTypeAdapterTest
JUnit version 4.11
.
Time: 0.003

OK (1 test)

RUNNING: ComGoogleGsonDefaultMapJsonSerializerTest
JUnit version 4.11
...
Time: 0.002

OK (3 tests)

RUNNING: ComGoogleGsonFunctionalDefaultTypeAdaptersTest
JUnit version 4.11
.................................................................
Time: 0.022

OK (65 tests)

RUNNING: ComGoogleGsonFunctionalDelegateTypeAdapterTest
JUnit version 4.11
..
Time: 0.004

OK (2 tests)

RUNNING: ComGoogleGsonFunctionalEnumTest
JUnit version 4.11
...E........
Time: 0.009
There was 1 failure:
1) testClassWithEnumFieldSerialization(com.google.gson.functional.EnumTest)
junit.framework.ComparisonFailure: 
	at 0x00000001081cc0be java.lang.AssertionError.<init>() + 45
	at 0x00000001085c6381 junit.framework.ComparisonFailure.<init>() + 24
	at 0x00000001085c4c07 junit.framework.Assert.assertEquals() + 91
	at 0x0000000108630c29 com.google.gson.functional.EnumTest.testClassWithEnumFieldSerialization() + 137
	at 0x00000001085c2e5b java.lang.reflect.Method.invoke:object:() + 23
	at 0x00000001085c2a9d java.lang.reflect.Method.invoke() + 326
	at 0x00000001085c7d0a junit.framework.TestCase.runTest() + 210
	at 0x00000001085c7b9c junit.framework.TestCase.runBare() + 50
	at 0x00000001085c938c junit.framework.TestResult.runProtected() + 37
	at 0x00000001085c9323 junit.framework.TestResult.run() + 104
	at 0x00000001085ca834 junit.framework.TestSuite.run() + 288
	at 0x00000001085f5897 org.junit.runners.ParentRunner.runChildren() + 376
	at 0x00000001085f5ce5 org.junit.runners.ParentRunner.run() + 85
	at 0x00000001085edfec org.junit.runner.JUnitCore.run() + 154
	at 0x00000001085edd12 org.junit.runner.JUnitCore.runMain() + 669
	at 0x00000001085ed97c org.junit.runner.JUnitCore.runMainAndExit() + 32
	at 0x00000001085c2e5b java.lang.reflect.Method.invoke:object:() + 23
	at 0x00000001085c2a9d java.lang.reflect.Method.invoke() + 326

FAILURES!!!
Tests run: 11,  Failures: 1

RUNNING: ComGoogleGsonFunctionalEscapingTest
JUnit version 4.11
.....
Time: 0.004

OK (5 tests)

RUNNING: ComGoogleGsonFunctionalExclusionStrategyFunctionalTest
JUnit version 4.11
.........
Time: 0.004

OK (9 tests)

RUNNING: ComGoogleGsonExposeAnnotationExclusionStrategyTest
JUnit version 4.11
......
Time: 0

OK (6 tests)

RUNNING: ComGoogleGsonFunctionalExposeFieldsTest
JUnit version 4.11
.E......E.
Time: 0.005
There were 2 failures:
1) testExposeAnnotationSerialization(com.google.gson.functional.ExposeFieldsTest)
junit.framework.ComparisonFailure: 
	at 0x00000001100220be java.lang.AssertionError.<init>() + 45
	at 0x000000011041c381 junit.framework.ComparisonFailure.<init>() + 24
	at 0x000000011041ac07 junit.framework.Assert.assertEquals() + 91
	at 0x000000011049057a com.google.gson.functional.ExposeFieldsTest.testExposeAnnotationSerialization() + 170
	at 0x0000000110418e5b java.lang.reflect.Method.invoke:object:() + 23
	at 0x0000000110418a9d java.lang.reflect.Method.invoke() + 326
	at 0x000000011041dd0a junit.framework.TestCase.runTest() + 210
	at 0x000000011041db9c junit.framework.TestCase.runBare() + 50
	at 0x000000011041f38c junit.framework.TestResult.runProtected() + 37
	at 0x000000011041f323 junit.framework.TestResult.run() + 104
	at 0x0000000110420834 junit.framework.TestSuite.run() + 288
	at 0x000000011044b897 org.junit.runners.ParentRunner.runChildren() + 376
	at 0x000000011044bce5 org.junit.runners.ParentRunner.run() + 85
	at 0x0000000110443fec org.junit.runner.JUnitCore.run() + 154
	at 0x0000000110443d12 org.junit.runner.JUnitCore.runMain() + 669
	at 0x000000011044397c org.junit.runner.JUnitCore.runMainAndExit() + 32
	at 0x0000000110418e5b java.lang.reflect.Method.invoke:object:() + 23
	at 0x0000000110418a9d java.lang.reflect.Method.invoke() + 326
2) testArrayWithOneNullExposeFieldObjectSerialization(com.google.gson.functional.ExposeFieldsTest)
junit.framework.ComparisonFailure: 
	at 0x00000001100220be java.lang.AssertionError.<init>() + 45
	at 0x000000011041c381 junit.framework.ComparisonFailure.<init>() + 24
	at 0x000000011041ac07 junit.framework.Assert.assertEquals() + 91
	at 0x00000001104904ad com.google.gson.functional.ExposeFieldsTest.testArrayWithOneNullExposeFieldObjectSerialization() + 925
	at 0x0000000110418e5b java.lang.reflect.Method.invoke:object:() + 23
	at 0x0000000110418a9d java.lang.reflect.Method.invoke() + 326
	at 0x000000011041dd0a junit.framework.TestCase.runTest() + 210
	at 0x000000011041db9c junit.framework.TestCase.runBare() + 50
	at 0x000000011041f38c junit.framework.TestResult.runProtected() + 37
	at 0x000000011041f323 junit.framework.TestResult.run() + 104
	at 0x0000000110420834 junit.framework.TestSuite.run() + 288
	at 0x000000011044b897 org.junit.runners.ParentRunner.runChildren() + 376
	at 0x000000011044bce5 org.junit.runners.ParentRunner.run() + 85
	at 0x0000000110443fec org.junit.runner.JUnitCore.run() + 154
	at 0x0000000110443d12 org.junit.runner.JUnitCore.runMain() + 669
	at 0x000000011044397c org.junit.runner.JUnitCore.runMainAndExit() + 32
	at 0x0000000110418e5b java.lang.reflect.Method.invoke:object:() + 23
	at 0x0000000110418a9d java.lang.reflect.Method.invoke() + 326

FAILURES!!!
Tests run: 8,  Failures: 2

RUNNING: ComGoogleGsonFieldAttributesTest
JUnit version 4.11
......
Time: 0.001

OK (6 tests)

RUNNING: ComGoogleGsonFunctionalFieldExclusionTest
JUnit version 4.11
...
Time: 0.003

OK (3 tests)

RUNNING: ComGoogleGsonFunctionalFieldNamingTest
JUnit version 4.11
.E.E.E.E.E
Time: 0.004
There were 5 failures:
1) testLowerCaseWithDashes(com.google.gson.functional.FieldNamingTest)
junit.framework.ComparisonFailure: 
	at 0x00000001095390be java.lang.AssertionError.<init>() + 45
	at 0x0000000109933381 junit.framework.ComparisonFailure.<init>() + 24
	at 0x0000000109931c07 junit.framework.Assert.assertEquals() + 91
	at 0x00000001099ac616 com.google.gson.functional.FieldNamingTest.testLowerCaseWithDashes() + 278
	at 0x000000010992fe5b java.lang.reflect.Method.invoke:object:() + 23
	at 0x000000010992fa9d java.lang.reflect.Method.invoke() + 326
	at 0x0000000109934d0a junit.framework.TestCase.runTest() + 210
	at 0x0000000109934b9c junit.framework.TestCase.runBare() + 50
	at 0x000000010993638c junit.framework.TestResult.runProtected() + 37
	at 0x0000000109936323 junit.framework.TestResult.run() + 104
	at 0x0000000109937834 junit.framework.TestSuite.run() + 288
	at 0x0000000109962897 org.junit.runners.ParentRunner.runChildren() + 376
	at 0x0000000109962ce5 org.junit.runners.ParentRunner.run() + 85
	at 0x000000010995afec org.junit.runner.JUnitCore.run() + 154
	at 0x000000010995ad12 org.junit.runner.JUnitCore.runMain() + 669
	at 0x000000010995a97c org.junit.runner.JUnitCore.runMainAndExit() + 32
	at 0x000000010992fe5b java.lang.reflect.Method.invoke:object:() + 23
	at 0x000000010992fa9d java.lang.reflect.Method.invoke() + 326
2) testLowerCaseWithUnderscores(com.google.gson.functional.FieldNamingTest)
junit.framework.ComparisonFailure: 
	at 0x00000001095390be java.lang.AssertionError.<init>() + 45
	at 0x0000000109933381 junit.framework.ComparisonFailure.<init>() + 24
	at 0x0000000109931c07 junit.framework.Assert.assertEquals() + 91
	at 0x00000001099ac4f6 com.google.gson.functional.FieldNamingTest.testLowerCaseWithUnderscores() + 278
	at 0x000000010992fe5b java.lang.reflect.Method.invoke:object:() + 23
	at 0x000000010992fa9d java.lang.reflect.Method.invoke() + 326
	at 0x0000000109934d0a junit.framework.TestCase.runTest() + 210
	at 0x0000000109934b9c junit.framework.TestCase.runBare() + 50
	at 0x000000010993638c junit.framework.TestResult.runProtected() + 37
	at 0x0000000109936323 junit.framework.TestResult.run() + 104
	at 0x0000000109937834 junit.framework.TestSuite.run() + 288
	at 0x0000000109962897 org.junit.runners.ParentRunner.runChildren() + 376
	at 0x0000000109962ce5 org.junit.runners.ParentRunner.run() + 85
	at 0x000000010995afec org.junit.runner.JUnitCore.run() + 154
	at 0x000000010995ad12 org.junit.runner.JUnitCore.runMain() + 669
	at 0x000000010995a97c org.junit.runner.JUnitCore.runMainAndExit() + 32
	at 0x000000010992fe5b java.lang.reflect.Method.invoke:object:() + 23
	at 0x000000010992fa9d java.lang.reflect.Method.invoke() + 326
3) testIdentity(com.google.gson.functional.FieldNamingTest)
junit.framework.ComparisonFailure: 
	at 0x00000001095390be java.lang.AssertionError.<init>() + 45
	at 0x0000000109933381 junit.framework.ComparisonFailure.<init>() + 24
	at 0x0000000109931c07 junit.framework.Assert.assertEquals() + 91
	at 0x00000001099ac125 com.google.gson.functional.FieldNamingTest.testIdentity() + 277
	at 0x000000010992fe5b java.lang.reflect.Method.invoke:object:() + 23
	at 0x000000010992fa9d java.lang.reflect.Method.invoke() + 326
	at 0x0000000109934d0a junit.framework.TestCase.runTest() + 210
	at 0x0000000109934b9c junit.framework.TestCase.runBare() + 50
	at 0x000000010993638c junit.framework.TestResult.runProtected() + 37
	at 0x0000000109936323 junit.framework.TestResult.run() + 104
	at 0x0000000109937834 junit.framework.TestSuite.run() + 288
	at 0x0000000109962897 org.junit.runners.ParentRunner.runChildren() + 376
	at 0x0000000109962ce5 org.junit.runners.ParentRunner.run() + 85
	at 0x000000010995afec org.junit.runner.JUnitCore.run() + 154
	at 0x000000010995ad12 org.junit.runner.JUnitCore.runMain() + 669
	at 0x000000010995a97c org.junit.runner.JUnitCore.runMainAndExit() + 32
	at 0x000000010992fe5b java.lang.reflect.Method.invoke:object:() + 23
	at 0x000000010992fa9d java.lang.reflect.Method.invoke() + 326
4) testUpperCamelCase(com.google.gson.functional.FieldNamingTest)
junit.framework.ComparisonFailure: 
	at 0x00000001095390be java.lang.AssertionError.<init>() + 45
	at 0x0000000109933381 junit.framework.ComparisonFailure.<init>() + 24
	at 0x0000000109931c07 junit.framework.Assert.assertEquals() + 91
	at 0x00000001099ac2b6 com.google.gson.functional.FieldNamingTest.testUpperCamelCase() + 278
	at 0x000000010992fe5b java.lang.reflect.Method.invoke:object:() + 23
	at 0x000000010992fa9d java.lang.reflect.Method.invoke() + 326
	at 0x0000000109934d0a junit.framework.TestCase.runTest() + 210
	at 0x0000000109934b9c junit.framework.TestCase.runBare() + 50
	at 0x000000010993638c junit.framework.TestResult.runProtected() + 37
	at 0x0000000109936323 junit.framework.TestResult.run() + 104
	at 0x0000000109937834 junit.framework.TestSuite.run() + 288
	at 0x0000000109962897 org.junit.runners.ParentRunner.runChildren() + 376
	at 0x0000000109962ce5 org.junit.runners.ParentRunner.run() + 85
	at 0x000000010995afec org.junit.runner.JUnitCore.run() + 154
	at 0x000000010995ad12 org.junit.runner.JUnitCore.runMain() + 669
	at 0x000000010995a97c org.junit.runner.JUnitCore.runMainAndExit() + 32
	at 0x000000010992fe5b java.lang.reflect.Method.invoke:object:() + 23
	at 0x000000010992fa9d java.lang.reflect.Method.invoke() + 326
5) testUpperCamelCaseWithSpaces(com.google.gson.functional.FieldNamingTest)
junit.framework.ComparisonFailure: 
	at 0x00000001095390be java.lang.AssertionError.<init>() + 45
	at 0x0000000109933381 junit.framework.ComparisonFailure.<init>() + 24
	at 0x0000000109931c07 junit.framework.Assert.assertEquals() + 91
	at 0x00000001099ac3d6 com.google.gson.functional.FieldNamingTest.testUpperCamelCaseWithSpaces() + 278
	at 0x000000010992fe5b java.lang.reflect.Method.invoke:object:() + 23
	at 0x000000010992fa9d java.lang.reflect.Method.invoke() + 326
	at 0x0000000109934d0a junit.framework.TestCase.runTest() + 210
	at 0x0000000109934b9c junit.framework.TestCase.runBare() + 50
	at 0x000000010993638c junit.framework.TestResult.runProtected() + 37
	at 0x0000000109936323 junit.framework.TestResult.run() + 104
	at 0x0000000109937834 junit.framework.TestSuite.run() + 288
	at 0x0000000109962897 org.junit.runners.ParentRunner.runChildren() + 376
	at 0x0000000109962ce5 org.junit.runners.ParentRunner.run() + 85
	at 0x000000010995afec org.junit.runner.JUnitCore.run() + 154
	at 0x000000010995ad12 org.junit.runner.JUnitCore.runMain() + 669
	at 0x000000010995a97c org.junit.runner.JUnitCore.runMainAndExit() + 32
	at 0x000000010992fe5b java.lang.reflect.Method.invoke:object:() + 23
	at 0x000000010992fa9d java.lang.reflect.Method.invoke() + 326

FAILURES!!!
Tests run: 5,  Failures: 5

RUNNING: ComGoogleGsonGenericArrayTypeTest
JUnit version 4.11
..
Time: 0.001

OK (2 tests)

RUNNING: ComGoogleGsonGsonBuilderTest
JUnit version 4.11
....
Time: 0.004

OK (4 tests)

RUNNING: ComGoogleGsonGsonTest
JUnit version 4.11
.
Time: 0.001

OK (1 test)

RUNNING: ComGoogleGsonGsonTypeAdapterTest
JUnit version 4.11
.....
Time: 0.006

OK (5 tests)

RUNNING: ComGoogleGsonInternalGsonTypesTest
JUnit version 4.11
..
Time: 0

OK (2 tests)

RUNNING: ComGoogleGsonFunctionalInheritanceTest
JUnit version 4.11
....E.E........
Time: 0.01
There were 2 failures:
1) testSubInterfacesOfCollectionSerialization(com.google.gson.functional.InheritanceTest)
junit.framework.ComparisonFailure: 
	at 0x000000010e6110be java.lang.AssertionError.<init>() + 45
	at 0x000000010ea0b381 junit.framework.ComparisonFailure.<init>() + 24
	at 0x000000010ea09c07 junit.framework.Assert.assertEquals() + 91
	at 0x000000010ea94b8b com.google.gson.functional.InheritanceTest.testSubInterfacesOfCollectionSerialization() + 971
	at 0x000000010ea07e5b java.lang.reflect.Method.invoke:object:() + 23
	at 0x000000010ea07a9d java.lang.reflect.Method.invoke() + 326
	at 0x000000010ea0cd0a junit.framework.TestCase.runTest() + 210
	at 0x000000010ea0cb9c junit.framework.TestCase.runBare() + 50
	at 0x000000010ea0e38c junit.framework.TestResult.runProtected() + 37
	at 0x000000010ea0e323 junit.framework.TestResult.run() + 104
	at 0x000000010ea0f834 junit.framework.TestSuite.run() + 288
	at 0x000000010ea3a897 org.junit.runners.ParentRunner.runChildren() + 376
	at 0x000000010ea3ace5 org.junit.runners.ParentRunner.run() + 85
	at 0x000000010ea32fec org.junit.runner.JUnitCore.run() + 154
	at 0x000000010ea32d12 org.junit.runner.JUnitCore.runMain() + 669
	at 0x000000010ea3297c org.junit.runner.JUnitCore.runMainAndExit() + 32
	at 0x000000010ea07e5b java.lang.reflect.Method.invoke:object:() + 23
	at 0x000000010ea07a9d java.lang.reflect.Method.invoke() + 326
2) testSubClassSerialization(com.google.gson.functional.InheritanceTest)
junit.framework.ComparisonFailure: 
	at 0x000000010e6110be java.lang.AssertionError.<init>() + 45
	at 0x000000010ea0b381 junit.framework.ComparisonFailure.<init>() + 24
	at 0x000000010ea09c07 junit.framework.Assert.assertEquals() + 91
	at 0x000000010ea930e6 com.google.gson.functional.InheritanceTest.testSubClassSerialization() + 214
	at 0x000000010ea07e5b java.lang.reflect.Method.invoke:object:() + 23
	at 0x000000010ea07a9d java.lang.reflect.Method.invoke() + 326
	at 0x000000010ea0cd0a junit.framework.TestCase.runTest() + 210
	at 0x000000010ea0cb9c junit.framework.TestCase.runBare() + 50
	at 0x000000010ea0e38c junit.framework.TestResult.runProtected() + 37
	at 0x000000010ea0e323 junit.framework.TestResult.run() + 104
	at 0x000000010ea0f834 junit.framework.TestSuite.run() + 288
	at 0x000000010ea3a897 org.junit.runners.ParentRunner.runChildren() + 376
	at 0x000000010ea3ace5 org.junit.runners.ParentRunner.run() + 85
	at 0x000000010ea32fec org.junit.runner.JUnitCore.run() + 154
	at 0x000000010ea32d12 org.junit.runner.JUnitCore.runMain() + 669
	at 0x000000010ea3297c org.junit.runner.JUnitCore.runMainAndExit() + 32
	at 0x000000010ea07e5b java.lang.reflect.Method.invoke:object:() + 23
	at 0x000000010ea07a9d java.lang.reflect.Method.invoke() + 326

FAILURES!!!
Tests run: 13,  Failures: 2

RUNNING: ComGoogleGsonInnerClassExclusionStrategyTest
JUnit version 4.11
....
Time: 0.001

OK (4 tests)

RUNNING: ComGoogleGsonFunctionalInstanceCreatorTest
JUnit version 4.11
.....
Time: 0.007

OK (5 tests)

RUNNING: ComGoogleGsonFunctionalInterfaceTest
JUnit version 4.11
..
Time: 0.007

OK (2 tests)

RUNNING: ComGoogleGsonFunctionalInternationalizationTest
JUnit version 4.11
....
Time: 0.006

OK (4 tests)

RUNNING: ComGoogleGsonJavaSerializationTest
JUnit version 4.11
...
Time: 0.014

OK (3 tests)

RUNNING: ComGoogleGsonFunctionalJavaUtilConcurrentAtomicTest
JUnit version 4.11
.......
Time: 0.003

OK (7 tests)

RUNNING: ComGoogleGsonFunctionalJavaUtilTest
JUnit version 4.11
..
Time: 0.003

OK (2 tests)

RUNNING: ComGoogleGsonFunctionalJsonAdapterAnnotationOnClassesTest
JUnit version 4.11
....E....
Time: 0.006
There was 1 failure:
1) testIncorrectTypeAdapterFails(com.google.gson.functional.JsonAdapterAnnotationOnClassesTest)
junit.framework.AssertionFailedError: "jsonAdapter"
	at 0x00000001013180be java.lang.AssertionError.<init>() + 45
	at 0x0000000101710afb junit.framework.Assert.fail() + 29
	at 0x00000001017a398a com.google.gson.functional.JsonAdapterAnnotationOnClassesTest.testIncorrectTypeAdapterFails() + 106
	at 0x000000010170ee5b java.lang.reflect.Method.invoke:object:() + 23
	at 0x000000010170ea9d java.lang.reflect.Method.invoke() + 326
	at 0x0000000101713d0a junit.framework.TestCase.runTest() + 210
	at 0x0000000101713b9c junit.framework.TestCase.runBare() + 50
	at 0x000000010171538c junit.framework.TestResult.runProtected() + 37
	at 0x0000000101715323 junit.framework.TestResult.run() + 104
	at 0x0000000101716834 junit.framework.TestSuite.run() + 288
	at 0x0000000101741897 org.junit.runners.ParentRunner.runChildren() + 376
	at 0x0000000101741ce5 org.junit.runners.ParentRunner.run() + 85
	at 0x0000000101739fec org.junit.runner.JUnitCore.run() + 154
	at 0x0000000101739d12 org.junit.runner.JUnitCore.runMain() + 669
	at 0x000000010173997c org.junit.runner.JUnitCore.runMainAndExit() + 32
	at 0x000000010170ee5b java.lang.reflect.Method.invoke:object:() + 23
	at 0x000000010170ea9d java.lang.reflect.Method.invoke() + 326

FAILURES!!!
Tests run: 8,  Failures: 1

RUNNING: ComGoogleGsonFunctionalJsonAdapterAnnotationOnFieldsTest
JUnit version 4.11
..........
Time: 0.008

OK (10 tests)

RUNNING: ComGoogleGsonRegressionJsonAdapterNullSafeTest
JUnit version 4.11
..
Time: 0.001

OK (2 tests)

RUNNING: ComGoogleGsonFunctionalJsonAdapterSerializerDeserializerTest
JUnit version 4.11
...
Time: 0.003

OK (3 tests)

RUNNING: ComGoogleGsonFunctionalJsonArrayTest
JUnit version 4.11
........
Time: 0.003

OK (8 tests)

RUNNING: ComGoogleGsonInternalBindJsonElementReaderTest
JUnit version 4.11
.................
Time: 0.004

OK (17 tests)

RUNNING: ComGoogleGsonJsonNullTest
JUnit version 4.11
..
Time: 0

OK (2 tests)

RUNNING: ComGoogleGsonJsonObjectTest
JUnit version 4.11
..............
Time: 0.003

OK (14 tests)

RUNNING: ComGoogleGsonFunctionalJsonParserTest
JUnit version 4.11
........
Time: 0.007

OK (8 tests)

RUNNING: ComGoogleGsonJsonPrimitiveTest
JUnit version 4.11
........................
Time: 0.002

OK (24 tests)

RUNNING: ComGoogleGsonStreamJsonReaderPathTest
JUnit version 4.11
....................
Time: 0.003

OK (20 tests)

RUNNING: ComGoogleGsonStreamJsonReaderTest
JUnit version 4.11
.......................................................................................................................
Time: 0.012

OK (119 tests)

RUNNING: ComGoogleGsonJsonStreamParserTest
JUnit version 4.11
....
Time: 0.002

OK (4 tests)

RUNNING: ComGoogleGsonInternalBindJsonTreeReaderTest
JUnit version 4.11
..
Time: 0

OK (2 tests)

RUNNING: ComGoogleGsonFunctionalJsonTreeTest
JUnit version 4.11
....
Time: 0.004

OK (4 tests)

RUNNING: ComGoogleGsonInternalBindJsonTreeWriterTest
JUnit version 4.11
............
Time: 0.002

OK (12 tests)

RUNNING: ComGoogleGsonStreamJsonWriterTest
JUnit version 4.11
.....................................
Time: 0.004

OK (37 tests)

RUNNING: ComGoogleGsonInternalLazilyParsedNumberTest
JUnit version 4.11
..
Time: 0

OK (2 tests)

RUNNING: ComGoogleGsonFunctionalLeniencyTest
JUnit version 4.11
.
Time: 0.005

OK (1 test)

RUNNING: ComGoogleGsonInternalLinkedHashTreeMapTest
JUnit version 4.11
..E.E............
Time: 0.005
There were 2 failures:
1) testDoubleCapacityAllNodesOnLeft(com.google.gson.internal.LinkedHashTreeMapTest)
junit.framework.ComparisonFailure: 
	at 0x00000001094270be java.lang.AssertionError.<init>() + 45
	at 0x0000000109821381 junit.framework.ComparisonFailure.<init>() + 24
	at 0x000000010981fc07 junit.framework.Assert.assertEquals() + 91
	at 0x00000001098fd9d8 com.google.gson.internal.LinkedHashTreeMapTest.assertTree() + 56
	at 0x00000001098fdb92 com.google.gson.internal.LinkedHashTreeMapTest.testDoubleCapacityAllNodesOnLeft() + 418
	at 0x000000010981de5b java.lang.reflect.Method.invoke:object:() + 23
	at 0x000000010981da9d java.lang.reflect.Method.invoke() + 326
	at 0x0000000109822d0a junit.framework.TestCase.runTest() + 210
	at 0x0000000109822b9c junit.framework.TestCase.runBare() + 50
	at 0x000000010982438c junit.framework.TestResult.runProtected() + 37
	at 0x0000000109824323 junit.framework.TestResult.run() + 104
	at 0x0000000109825834 junit.framework.TestSuite.run() + 288
	at 0x0000000109850897 org.junit.runners.ParentRunner.runChildren() + 376
	at 0x0000000109850ce5 org.junit.runners.ParentRunner.run() + 85
	at 0x0000000109848fec org.junit.runner.JUnitCore.run() + 154
	at 0x0000000109848d12 org.junit.runner.JUnitCore.runMain() + 669
	at 0x000000010984897c org.junit.runner.JUnitCore.runMainAndExit() + 32
	at 0x000000010981de5b java.lang.reflect.Method.invoke:object:() + 23
	at 0x000000010981da9d java.lang.reflect.Method.invoke() + 326
2) testDoubleCapacity(com.google.gson.internal.LinkedHashTreeMapTest)
junit.framework.ComparisonFailure: 
	at 0x00000001094270be java.lang.AssertionError.<init>() + 45
	at 0x0000000109821381 junit.framework.ComparisonFailure.<init>() + 24
	at 0x000000010981fc07 junit.framework.Assert.assertEquals() + 91
	at 0x00000001098fd9d8 com.google.gson.internal.LinkedHashTreeMapTest.assertTree() + 56
	at 0x00000001098fd8e7 com.google.gson.internal.LinkedHashTreeMapTest.testDoubleCapacity() + 535
	at 0x000000010981de5b java.lang.reflect.Method.invoke:object:() + 23
	at 0x000000010981da9d java.lang.reflect.Method.invoke() + 326
	at 0x0000000109822d0a junit.framework.TestCase.runTest() + 210
	at 0x0000000109822b9c junit.framework.TestCase.runBare() + 50
	at 0x000000010982438c junit.framework.TestResult.runProtected() + 37
	at 0x0000000109824323 junit.framework.TestResult.run() + 104
	at 0x0000000109825834 junit.framework.TestSuite.run() + 288
	at 0x0000000109850897 org.junit.runners.ParentRunner.runChildren() + 376
	at 0x0000000109850ce5 org.junit.runners.ParentRunner.run() + 85
	at 0x0000000109848fec org.junit.runner.JUnitCore.run() + 154
	at 0x0000000109848d12 org.junit.runner.JUnitCore.runMain() + 669
	at 0x000000010984897c org.junit.runner.JUnitCore.runMainAndExit() + 32
	at 0x000000010981de5b java.lang.reflect.Method.invoke:object:() + 23
	at 0x000000010981da9d java.lang.reflect.Method.invoke() + 326

FAILURES!!!
Tests run: 15,  Failures: 2

RUNNING: ComGoogleGsonInternalLinkedTreeMapTest
JUnit version 4.11
...........
Time: 0.006

OK (11 tests)

RUNNING: ComGoogleGsonLongSerializationPolicyTest
JUnit version 4.11
....
Time: 0.004

OK (4 tests)

RUNNING: ComGoogleGsonFunctionalMapAsArrayTypeAdapterTest
JUnit version 4.11
.....
Time: 0.009

OK (5 tests)

RUNNING: ComGoogleGsonFunctionalMapTest
JUnit version 4.11
................................................
Time: 0.028

OK (48 tests)

RUNNING: ComGoogleGsonMixedStreamTest
JUnit version 4.11
............
Time: 0.01

OK (12 tests)

RUNNING: ComGoogleGsonFunctionalMoreSpecificTypeSerializationTest
JUnit version 4.11
......
Time: 0.009

OK (6 tests)

RUNNING: ComGoogleGsonFunctionalNamingPolicyTest
JUnit version 4.11
..............
Time: 0.01

OK (14 tests)

RUNNING: ComGoogleGsonFunctionalNullObjectAndFieldTest
JUnit version 4.11
................
Time: 0.006

OK (16 tests)

RUNNING: ComGoogleGsonFunctionalObjectTest
JUnit version 4.11
....E.....E....E...........E........E.....E.......
Time: 0.02
There were 6 failures:
1) testNullFieldsSerialization(com.google.gson.functional.ObjectTest)
junit.framework.ComparisonFailure: 
	at 0x000000010c90b0be java.lang.AssertionError.<init>() + 45
	at 0x000000010cd05381 junit.framework.ComparisonFailure.<init>() + 24
	at 0x000000010cd03c07 junit.framework.Assert.assertEquals() + 91
	at 0x000000010ce00415 com.google.gson.functional.ObjectTest.testNullFieldsSerialization() + 181
	at 0x000000010cd01e5b java.lang.reflect.Method.invoke:object:() + 23
	at 0x000000010cd01a9d java.lang.reflect.Method.invoke() + 326
	at 0x000000010cd06d0a junit.framework.TestCase.runTest() + 210
	at 0x000000010cd06b9c junit.framework.TestCase.runBare() + 50
	at 0x000000010cd0838c junit.framework.TestResult.runProtected() + 37
	at 0x000000010cd08323 junit.framework.TestResult.run() + 104
	at 0x000000010cd09834 junit.framework.TestSuite.run() + 288
	at 0x000000010cd34897 org.junit.runners.ParentRunner.runChildren() + 376
	at 0x000000010cd34ce5 org.junit.runners.ParentRunner.run() + 85
	at 0x000000010cd2cfec org.junit.runner.JUnitCore.run() + 154
	at 0x000000010cd2cd12 org.junit.runner.JUnitCore.runMain() + 669
	at 0x000000010cd2c97c org.junit.runner.JUnitCore.runMainAndExit() + 32
	at 0x000000010cd01e5b java.lang.reflect.Method.invoke:object:() + 23
	at 0x000000010cd01a9d java.lang.reflect.Method.invoke() + 326
2) testArrayOfArraysSerialization(com.google.gson.functional.ObjectTest)
junit.framework.ComparisonFailure: 
	at 0x000000010c90b0be java.lang.AssertionError.<init>() + 45
	at 0x000000010cd05381 junit.framework.ComparisonFailure.<init>() + 24
	at 0x000000010cd03c07 junit.framework.Assert.assertEquals() + 91
	at 0x000000010ce00719 com.google.gson.functional.ObjectTest.testArrayOfArraysSerialization() + 137
	at 0x000000010cd01e5b java.lang.reflect.Method.invoke:object:() + 23
	at 0x000000010cd01a9d java.lang.reflect.Method.invoke() + 326
	at 0x000000010cd06d0a junit.framework.TestCase.runTest() + 210
	at 0x000000010cd06b9c junit.framework.TestCase.runBare() + 50
	at 0x000000010cd0838c junit.framework.TestResult.runProtected() + 37
	at 0x000000010cd08323 junit.framework.TestResult.run() + 104
	at 0x000000010cd09834 junit.framework.TestSuite.run() + 288
	at 0x000000010cd34897 org.junit.runners.ParentRunner.runChildren() + 376
	at 0x000000010cd34ce5 org.junit.runners.ParentRunner.run() + 85
	at 0x000000010cd2cfec org.junit.runner.JUnitCore.run() + 154
	at 0x000000010cd2cd12 org.junit.runner.JUnitCore.runMain() + 669
	at 0x000000010cd2c97c org.junit.runner.JUnitCore.runMainAndExit() + 32
	at 0x000000010cd01e5b java.lang.reflect.Method.invoke:object:() + 23
	at 0x000000010cd01a9d java.lang.reflect.Method.invoke() + 326
3) testNestedSerialization(com.google.gson.functional.ObjectTest)
junit.framework.ComparisonFailure: 
	at 0x000000010c90b0be java.lang.AssertionError.<init>() + 45
	at 0x000000010cd05381 junit.framework.ComparisonFailure.<init>() + 24
	at 0x000000010cd03c07 junit.framework.Assert.assertEquals() + 91
	at 0x000000010cdffff6 com.google.gson.functional.ObjectTest.testNestedSerialization() + 214
	at 0x000000010cd01e5b java.lang.reflect.Method.invoke:object:() + 23
	at 0x000000010cd01a9d java.lang.reflect.Method.invoke() + 326
	at 0x000000010cd06d0a junit.framework.TestCase.runTest() + 210
	at 0x000000010cd06b9c junit.framework.TestCase.runBare() + 50
	at 0x000000010cd0838c junit.framework.TestResult.runProtected() + 37
	at 0x000000010cd08323 junit.framework.TestResult.run() + 104
	at 0x000000010cd09834 junit.framework.TestSuite.run() + 288
	at 0x000000010cd34897 org.junit.runners.ParentRunner.runChildren() + 376
	at 0x000000010cd34ce5 org.junit.runners.ParentRunner.run() + 85
	at 0x000000010cd2cfec org.junit.runner.JUnitCore.run() + 154
	at 0x000000010cd2cd12 org.junit.runner.JUnitCore.runMain() + 669
	at 0x000000010cd2c97c org.junit.runner.JUnitCore.runMainAndExit() + 32
	at 0x000000010cd01e5b java.lang.reflect.Method.invoke:object:() + 23
	at 0x000000010cd01a9d java.lang.reflect.Method.invoke() + 326
4) testBagOfPrimitivesSerialization(com.google.gson.functional.ObjectTest)
junit.framework.ComparisonFailure: 
	at 0x000000010c90b0be java.lang.AssertionError.<init>() + 45
	at 0x000000010cd05381 junit.framework.ComparisonFailure.<init>() + 24
	at 0x000000010cd03c07 junit.framework.Assert.assertEquals() + 91
	at 0x000000010cdff879 com.google.gson.functional.ObjectTest.testBagOfPrimitivesSerialization() + 169
	at 0x000000010cd01e5b java.lang.reflect.Method.invoke:object:() + 23
	at 0x000000010cd01a9d java.lang.reflect.Method.invoke() + 326
	at 0x000000010cd06d0a junit.framework.TestCase.runTest() + 210
	at 0x000000010cd06b9c junit.framework.TestCase.runBare() + 50
	at 0x000000010cd0838c junit.framework.TestResult.runProtected() + 37
	at 0x000000010cd08323 junit.framework.TestResult.run() + 104
	at 0x000000010cd09834 junit.framework.TestSuite.run() + 288
	at 0x000000010cd34897 org.junit.runners.ParentRunner.runChildren() + 376
	at 0x000000010cd34ce5 org.junit.runners.ParentRunner.run() + 85
	at 0x000000010cd2cfec org.junit.runner.JUnitCore.run() + 154
	at 0x000000010cd2cd12 org.junit.runner.JUnitCore.runMain() + 669
	at 0x000000010cd2c97c org.junit.runner.JUnitCore.runMainAndExit() + 32
	at 0x000000010cd01e5b java.lang.reflect.Method.invoke:object:() + 23
	at 0x000000010cd01a9d java.lang.reflect.Method.invoke() + 326
5) testArrayOfObjectsSerialization(com.google.gson.functional.ObjectTest)
junit.framework.ComparisonFailure: 
	at 0x000000010c90b0be java.lang.AssertionError.<init>() + 45
	at 0x000000010cd05381 junit.framework.ComparisonFailure.<init>() + 24
	at 0x000000010cd03c07 junit.framework.Assert.assertEquals() + 91
	at 0x000000010ce0058b com.google.gson.functional.ObjectTest.testArrayOfObjectsSerialization() + 139
	at 0x000000010cd01e5b java.lang.reflect.Method.invoke:object:() + 23
	at 0x000000010cd01a9d java.lang.reflect.Method.invoke() + 326
	at 0x000000010cd06d0a junit.framework.TestCase.runTest() + 210
	at 0x000000010cd06b9c junit.framework.TestCase.runBare() + 50
	at 0x000000010cd0838c junit.framework.TestResult.runProtected() + 37
	at 0x000000010cd08323 junit.framework.TestResult.run() + 104
	at 0x000000010cd09834 junit.framework.TestSuite.run() + 288
	at 0x000000010cd34897 org.junit.runners.ParentRunner.runChildren() + 376
	at 0x000000010cd34ce5 org.junit.runners.ParentRunner.run() + 85
	at 0x000000010cd2cfec org.junit.runner.JUnitCore.run() + 154
	at 0x000000010cd2cd12 org.junit.runner.JUnitCore.runMain() + 669
	at 0x000000010cd2c97c org.junit.runner.JUnitCore.runMainAndExit() + 32
	at 0x000000010cd01e5b java.lang.reflect.Method.invoke:object:() + 23
	at 0x000000010cd01a9d java.lang.reflect.Method.invoke() + 326
6) testBagOfPrimitiveWrappersSerialization(com.google.gson.functional.ObjectTest)
junit.framework.ComparisonFailure: 
	at 0x000000010c90b0be java.lang.AssertionError.<init>() + 45
	at 0x000000010cd05381 junit.framework.ComparisonFailure.<init>() + 24
	at 0x000000010cd03c07 junit.framework.Assert.assertEquals() + 91
	at 0x000000010cdffa4f com.google.gson.functional.ObjectTest.testBagOfPrimitiveWrappersSerialization() + 191
	at 0x000000010cd01e5b java.lang.reflect.Method.invoke:object:() + 23
	at 0x000000010cd01a9d java.lang.reflect.Method.invoke() + 326
	at 0x000000010cd06d0a junit.framework.TestCase.runTest() + 210
	at 0x000000010cd06b9c junit.framework.TestCase.runBare() + 50
	at 0x000000010cd0838c junit.framework.TestResult.runProtected() + 37
	at 0x000000010cd08323 junit.framework.TestResult.run() + 104
	at 0x000000010cd09834 junit.framework.TestSuite.run() + 288
	at 0x000000010cd34897 org.junit.runners.ParentRunner.runChildren() + 376
	at 0x000000010cd34ce5 org.junit.runners.ParentRunner.run() + 85
	at 0x000000010cd2cfec org.junit.runner.JUnitCore.run() + 154
	at 0x000000010cd2cd12 org.junit.runner.JUnitCore.runMain() + 669
	at 0x000000010cd2c97c org.junit.runner.JUnitCore.runMainAndExit() + 32
	at 0x000000010cd01e5b java.lang.reflect.Method.invoke:object:() + 23
	at 0x000000010cd01a9d java.lang.reflect.Method.invoke() + 326

FAILURES!!!
Tests run: 44,  Failures: 6

RUNNING: ComGoogleGsonObjectTypeAdapterTest
JUnit version 4.11
.....
Time: 0.002

OK (5 tests)

RUNNING: ComGoogleGsonOverrideCoreTypeAdaptersTest
JUnit version 4.11
...
Time: 0.003

OK (3 tests)

RUNNING: ComGoogleGsonParameterizedTypeTest
JUnit version 4.11
..
Time: 0.001

OK (2 tests)

RUNNING: ComGoogleGsonFunctionalParameterizedTypesTest
JUnit version 4.11
....E.......E.....E.
Time: 0.018
There were 3 failures:
1) testVariableTypeFieldsAndGenericArraysSerialization(com.google.gson.functional.ParameterizedTypesTest)
junit.framework.ComparisonFailure: 
	at 0x00000001075b00be java.lang.AssertionError.<init>() + 45
	at 0x00000001079aa381 junit.framework.ComparisonFailure.<init>() + 24
	at 0x00000001079a8c07 junit.framework.Assert.assertEquals() + 91
	at 0x0000000107aaf29e com.google.gson.functional.ParameterizedTypesTest.testVariableTypeFieldsAndGenericArraysSerialization() + 558
	at 0x00000001079a6e5b java.lang.reflect.Method.invoke:object:() + 23
	at 0x00000001079a6a9d java.lang.reflect.Method.invoke() + 326
	at 0x00000001079abd0a junit.framework.TestCase.runTest() + 210
	at 0x00000001079abb9c junit.framework.TestCase.runBare() + 50
	at 0x00000001079ad38c junit.framework.TestResult.runProtected() + 37
	at 0x00000001079ad323 junit.framework.TestResult.run() + 104
	at 0x00000001079ae834 junit.framework.TestSuite.run() + 288
	at 0x00000001079d9897 org.junit.runners.ParentRunner.runChildren() + 376
	at 0x00000001079d9ce5 org.junit.runners.ParentRunner.run() + 85
	at 0x00000001079d1fec org.junit.runner.JUnitCore.run() + 154
	at 0x00000001079d1d12 org.junit.runner.JUnitCore.runMain() + 669
	at 0x00000001079d197c org.junit.runner.JUnitCore.runMainAndExit() + 32
	at 0x00000001079a6e5b java.lang.reflect.Method.invoke:object:() + 23
	at 0x00000001079a6a9d java.lang.reflect.Method.invoke() + 326
2) testVariableTypeFieldsAndGenericArraysDeserialization(com.google.gson.functional.ParameterizedTypesTest)
junit.framework.ComparisonFailure: 
	at 0x00000001075b00be java.lang.AssertionError.<init>() + 45
	at 0x00000001079aa381 junit.framework.ComparisonFailure.<init>() + 24
	at 0x00000001079a8c07 junit.framework.Assert.assertEquals() + 91
	at 0x0000000107aaf603 com.google.gson.functional.ParameterizedTypesTest.testVariableTypeFieldsAndGenericArraysDeserialization() + 707
	at 0x00000001079a6e5b java.lang.reflect.Method.invoke:object:() + 23
	at 0x00000001079a6a9d java.lang.reflect.Method.invoke() + 326
	at 0x00000001079abd0a junit.framework.TestCase.runTest() + 210
	at 0x00000001079abb9c junit.framework.TestCase.runBare() + 50
	at 0x00000001079ad38c junit.framework.TestResult.runProtected() + 37
	at 0x00000001079ad323 junit.framework.TestResult.run() + 104
	at 0x00000001079ae834 junit.framework.TestSuite.run() + 288
	at 0x00000001079d9897 org.junit.runners.ParentRunner.runChildren() + 376
	at 0x00000001079d9ce5 org.junit.runners.ParentRunner.run() + 85
	at 0x00000001079d1fec org.junit.runner.JUnitCore.run() + 154
	at 0x00000001079d1d12 org.junit.runner.JUnitCore.runMain() + 669
	at 0x00000001079d197c org.junit.runner.JUnitCore.runMainAndExit() + 32
	at 0x00000001079a6e5b java.lang.reflect.Method.invoke:object:() + 23
	at 0x00000001079a6a9d java.lang.reflect.Method.invoke() + 326
3) testTypesWithMultipleParametersSerialization(com.google.gson.functional.ParameterizedTypesTest)
junit.framework.ComparisonFailure: 
	at 0x00000001075b00be java.lang.AssertionError.<init>() + 45
	at 0x00000001079aa381 junit.framework.ComparisonFailure.<init>() + 24
	at 0x00000001079a8c07 junit.framework.Assert.assertEquals() + 91
	at 0x0000000107aae723 com.google.gson.functional.ParameterizedTypesTest.testTypesWithMultipleParametersSerialization() + 259
	at 0x00000001079a6e5b java.lang.reflect.Method.invoke:object:() + 23
	at 0x00000001079a6a9d java.lang.reflect.Method.invoke() + 326
	at 0x00000001079abd0a junit.framework.TestCase.runTest() + 210
	at 0x00000001079abb9c junit.framework.TestCase.runBare() + 50
	at 0x00000001079ad38c junit.framework.TestResult.runProtected() + 37
	at 0x00000001079ad323 junit.framework.TestResult.run() + 104
	at 0x00000001079ae834 junit.framework.TestSuite.run() + 288
	at 0x00000001079d9897 org.junit.runners.ParentRunner.runChildren() + 376
	at 0x00000001079d9ce5 org.junit.runners.ParentRunner.run() + 85
	at 0x00000001079d1fec org.junit.runner.JUnitCore.run() + 154
	at 0x00000001079d1d12 org.junit.runner.JUnitCore.runMain() + 669
	at 0x00000001079d197c org.junit.runner.JUnitCore.runMainAndExit() + 32
	at 0x00000001079a6e5b java.lang.reflect.Method.invoke:object:() + 23
	at 0x00000001079a6a9d java.lang.reflect.Method.invoke() + 326

FAILURES!!!
Tests run: 17,  Failures: 3

RUNNING: ComGoogleGsonMetricsPerformanceTest
JUnit version 4.11
.
Time: 0.002

OK (1 test)

RUNNING: ComGoogleGsonFunctionalPrettyPrintingTest
JUnit version 4.11
........
Time: 0.006

OK (8 tests)

RUNNING: ComGoogleGsonFunctionalPrimitiveCharacterTest
JUnit version 4.11
..
Time: 0.002

OK (2 tests)

RUNNING: ComGoogleGsonFunctionalPrimitiveTest
JUnit version 4.11
...................................................................................................
Time: 0.017

OK (99 tests)

RUNNING: ComGoogleGsonFunctionalPrintFormattingTest
JUnit version 4.11
...
Time: 0.005

OK (3 tests)

RUNNING: ComGoogleGsonFunctionalRawSerializationTest
JUnit version 4.11
.....
Time: 0.008

OK (5 tests)

RUNNING: ComGoogleGsonFunctionalReadersWritersTest
JUnit version 4.11
.....E.....
Time: 0.006
There was 1 failure:
1) testWriterForSerialization(com.google.gson.functional.ReadersWritersTest)
junit.framework.ComparisonFailure: 
	at 0x000000010125d0be java.lang.AssertionError.<init>() + 45
	at 0x0000000101657381 junit.framework.ComparisonFailure.<init>() + 24
	at 0x0000000101655c07 junit.framework.Assert.assertEquals() + 91
	at 0x0000000101771305 com.google.gson.functional.ReadersWritersTest.testWriterForSerialization() + 181
	at 0x0000000101653e5b java.lang.reflect.Method.invoke:object:() + 23
	at 0x0000000101653a9d java.lang.reflect.Method.invoke() + 326
	at 0x0000000101658d0a junit.framework.TestCase.runTest() + 210
	at 0x0000000101658b9c junit.framework.TestCase.runBare() + 50
	at 0x000000010165a38c junit.framework.TestResult.runProtected() + 37
	at 0x000000010165a323 junit.framework.TestResult.run() + 104
	at 0x000000010165b834 junit.framework.TestSuite.run() + 288
	at 0x0000000101686897 org.junit.runners.ParentRunner.runChildren() + 376
	at 0x0000000101686ce5 org.junit.runners.ParentRunner.run() + 85
	at 0x000000010167efec org.junit.runner.JUnitCore.run() + 154
	at 0x000000010167ed12 org.junit.runner.JUnitCore.runMain() + 669
	at 0x000000010167e97c org.junit.runner.JUnitCore.runMainAndExit() + 32
	at 0x0000000101653e5b java.lang.reflect.Method.invoke:object:() + 23
	at 0x0000000101653a9d java.lang.reflect.Method.invoke() + 326

FAILURES!!!
Tests run: 10,  Failures: 1

RUNNING: ComGoogleGsonFunctionalRuntimeTypeAdapterFactoryFunctionalTest
JUnit version 4.11
.
Time: 0.002

OK (1 test)

RUNNING: ComGoogleGsonFunctionalSecurityTest
JUnit version 4.11
.....
Time: 0.004

OK (5 tests)

RUNNING: ComGoogleGsonFunctionalSerializedNameTest
JUnit version 4.11
...
Time: 0.002

OK (3 tests)

RUNNING: ComGoogleGsonFunctionalStreamingTypeAdaptersTest
JUnit version 4.11
................E.
Time: 0.006
There was 1 failure:
1) testSerializeRecursive(com.google.gson.functional.StreamingTypeAdaptersTest)
junit.framework.ComparisonFailure: 
	at 0x00000001013990be java.lang.AssertionError.<init>() + 45
	at 0x0000000101793381 junit.framework.ComparisonFailure.<init>() + 24
	at 0x0000000101791c07 junit.framework.Assert.assertEquals() + 91
	at 0x00000001018b7873 com.google.gson.functional.StreamingTypeAdaptersTest.testSerializeRecursive() + 323
	at 0x000000010178fe5b java.lang.reflect.Method.invoke:object:() + 23
	at 0x000000010178fa9d java.lang.reflect.Method.invoke() + 326
	at 0x0000000101794d0a junit.framework.TestCase.runTest() + 210
	at 0x0000000101794b9c junit.framework.TestCase.runBare() + 50
	at 0x000000010179638c junit.framework.TestResult.runProtected() + 37
	at 0x0000000101796323 junit.framework.TestResult.run() + 104
	at 0x0000000101797834 junit.framework.TestSuite.run() + 288
	at 0x00000001017c2897 org.junit.runners.ParentRunner.runChildren() + 376
	at 0x00000001017c2ce5 org.junit.runners.ParentRunner.run() + 85
	at 0x00000001017bafec org.junit.runner.JUnitCore.run() + 154
	at 0x00000001017bad12 org.junit.runner.JUnitCore.runMain() + 669
	at 0x00000001017ba97c org.junit.runner.JUnitCore.runMainAndExit() + 32
	at 0x000000010178fe5b java.lang.reflect.Method.invoke:object:() + 23
	at 0x000000010178fa9d java.lang.reflect.Method.invoke() + 326

FAILURES!!!
Tests run: 17,  Failures: 1

RUNNING: ComGoogleGsonFunctionalStringTest
JUnit version 4.11
..................
Time: 0.005

OK (18 tests)

RUNNING: ComGoogleGsonFunctionalThrowableFunctionalTest
JUnit version 4.11
...E.E.
Time: 0.005
There were 2 failures:
1) testErrornWithCause(com.google.gson.functional.ThrowableFunctionalTest)
junit.framework.ComparisonFailure: 
	at 0x00000001088b90be java.lang.AssertionError.<init>() + 45
	at 0x0000000108cb3381 junit.framework.ComparisonFailure.<init>() + 24
	at 0x0000000108cb1c07 junit.framework.Assert.assertEquals() + 91
	at 0x0000000108de31b0 com.google.gson.functional.ThrowableFunctionalTest.testErrornWithCause() + 576
	at 0x0000000108cafe5b java.lang.reflect.Method.invoke:object:() + 23
	at 0x0000000108cafa9d java.lang.reflect.Method.invoke() + 326
	at 0x0000000108cb4d0a junit.framework.TestCase.runTest() + 210
	at 0x0000000108cb4b9c junit.framework.TestCase.runBare() + 50
	at 0x0000000108cb638c junit.framework.TestResult.runProtected() + 37
	at 0x0000000108cb6323 junit.framework.TestResult.run() + 104
	at 0x0000000108cb7834 junit.framework.TestSuite.run() + 288
	at 0x0000000108ce2897 org.junit.runners.ParentRunner.runChildren() + 376
	at 0x0000000108ce2ce5 org.junit.runners.ParentRunner.run() + 85
	at 0x0000000108cdafec org.junit.runner.JUnitCore.run() + 154
	at 0x0000000108cdad12 org.junit.runner.JUnitCore.runMain() + 669
	at 0x0000000108cda97c org.junit.runner.JUnitCore.runMainAndExit() + 32
	at 0x0000000108cafe5b java.lang.reflect.Method.invoke:object:() + 23
	at 0x0000000108cafa9d java.lang.reflect.Method.invoke() + 326
2) testExceptionWithCause(com.google.gson.functional.ThrowableFunctionalTest)
junit.framework.AssertionFailedError
	at 0x0000000108cb1aee junit.framework.Assert.fail() + 16
	at 0x0000000108cb1a91 junit.framework.Assert.assertFalse() + 0
	at 0x0000000108de2bf8 com.google.gson.functional.ThrowableFunctionalTest.testExceptionWithCause() + 216
	at 0x0000000108cafe5b java.lang.reflect.Method.invoke:object:() + 23
	at 0x0000000108cafa9d java.lang.reflect.Method.invoke() + 326
	at 0x0000000108cb4d0a junit.framework.TestCase.runTest() + 210
	at 0x0000000108cb4b9c junit.framework.TestCase.runBare() + 50
	at 0x0000000108cb638c junit.framework.TestResult.runProtected() + 37
	at 0x0000000108cb6323 junit.framework.TestResult.run() + 104
	at 0x0000000108cb7834 junit.framework.TestSuite.run() + 288
	at 0x0000000108ce2897 org.junit.runners.ParentRunner.runChildren() + 376
	at 0x0000000108ce2ce5 org.junit.runners.ParentRunner.run() + 85
	at 0x0000000108cdafec org.junit.runner.JUnitCore.run() + 154
	at 0x0000000108cdad12 org.junit.runner.JUnitCore.runMain() + 669
	at 0x0000000108cda97c org.junit.runner.JUnitCore.runMainAndExit() + 32
	at 0x0000000108cafe5b java.lang.reflect.Method.invoke:object:() + 23
	at 0x0000000108cafa9d java.lang.reflect.Method.invoke() + 326

FAILURES!!!
Tests run: 5,  Failures: 2

RUNNING: ComGoogleGsonFunctionalTreeTypeAdaptersTest
JUnit version 4.11
..
Time: 0.005

OK (2 tests)

RUNNING: ComGoogleGsonFunctionalTypeAdapterPrecedenceTest
JUnit version 4.11
........
Time: 0.003

OK (8 tests)

RUNNING: ComGoogleGsonFunctionalTypeHierarchyAdapterTest
JUnit version 4.11
...
Time: 0.005

OK (3 tests)

RUNNING: ComGoogleGsonReflectTypeTokenTest
JUnit version 4.11
......
Time: 0.003

OK (6 tests)

RUNNING: ComGoogleGsonFunctionalTypeVariableTest
JUnit version 4.11
...
Time: 0.006

OK (3 tests)

RUNNING: ComGoogleGsonFunctionalUncategorizedTest
JUnit version 4.11
......
Time: 0.005

OK (6 tests)

RUNNING: ComGoogleGsonInternalUnsafeAllocatorInstantiationTest
JUnit version 4.11
...
Time: 0

OK (3 tests)

RUNNING: ComGoogleGsonVersionExclusionStrategyTest
JUnit version 4.11
...
Time: 0.001

OK (3 tests)

RUNNING: ComGoogleGsonFunctionalVersioningTest
JUnit version 4.11
..E........
Time: 0.006
There was 1 failure:
1) testVersionedGsonWithUnversionedClassesSerialization(com.google.gson.functional.VersioningTest)
junit.framework.ComparisonFailure: 
	at 0x000000010c6510be java.lang.AssertionError.<init>() + 45
	at 0x000000010ca4b381 junit.framework.ComparisonFailure.<init>() + 24
	at 0x000000010ca49c07 junit.framework.Assert.assertEquals() + 91
	at 0x000000010cb9b320 com.google.gson.functional.VersioningTest.testVersionedGsonWithUnversionedClassesSerialization() + 288
	at 0x000000010ca47e5b java.lang.reflect.Method.invoke:object:() + 23
	at 0x000000010ca47a9d java.lang.reflect.Method.invoke() + 326
	at 0x000000010ca4cd0a junit.framework.TestCase.runTest() + 210
	at 0x000000010ca4cb9c junit.framework.TestCase.runBare() + 50
	at 0x000000010ca4e38c junit.framework.TestResult.runProtected() + 37
	at 0x000000010ca4e323 junit.framework.TestResult.run() + 104
	at 0x000000010ca4f834 junit.framework.TestSuite.run() + 288
	at 0x000000010ca7a897 org.junit.runners.ParentRunner.runChildren() + 376
	at 0x000000010ca7ace5 org.junit.runners.ParentRunner.run() + 85
	at 0x000000010ca72fec org.junit.runner.JUnitCore.run() + 154
	at 0x000000010ca72d12 org.junit.runner.JUnitCore.runMain() + 669
	at 0x000000010ca7297c org.junit.runner.JUnitCore.runMainAndExit() + 32
	at 0x000000010ca47e5b java.lang.reflect.Method.invoke:object:() + 23
	at 0x000000010ca47a9d java.lang.reflect.Method.invoke() + 326

FAILURES!!!
Tests run: 10,  Failures: 1

